2023.09.23 08:42:27 INFO  web[][o.s.p.ProcessEntryPoint] Starting Web Server
2023.09.23 08:42:29 INFO  web[][o.s.s.p.LogServerVersion] SonarQube Server / 9.9.2.77730 / dd63ff5d0db91f039afd5d40319122666c9961ef
2023.09.23 08:42:29 INFO  web[][o.s.s.p.d.EmbeddedDatabase] Starting embedded database on port 9092 with url jdbc:h2:tcp://127.0.0.1:9092/sonar;NON_KEYWORDS=VALUE
2023.09.23 08:42:29 INFO  web[][o.s.s.p.d.EmbeddedDatabase] Embedded database started. Data stored in: C:\Program Files\sonarqube\sonarqube-9.9.2.77730\data
2023.09.23 08:42:29 INFO  web[][o.sonar.db.Database] Create JDBC data source for jdbc:h2:tcp://127.0.0.1:9092/sonar;NON_KEYWORDS=VALUE
2023.09.23 08:42:29 INFO  web[][c.z.h.HikariDataSource] HikariPool-1 - Starting...
2023.09.23 08:42:29 INFO  web[][c.z.h.p.HikariPool] HikariPool-1 - Added connection conn2: url=jdbc:h2:tcp://127.0.0.1:9092/sonar user=
2023.09.23 08:42:29 INFO  web[][c.z.h.HikariDataSource] HikariPool-1 - Start completed.
2023.09.23 08:42:29 WARN  web[][o.s.db.dialect.H2] H2 database should be used for evaluation purpose only.
2023.09.23 08:42:30 INFO  web[][o.s.s.p.ServerFileSystemImpl] SonarQube home: C:\Program Files\sonarqube\sonarqube-9.9.2.77730
2023.09.23 08:42:30 INFO  web[][o.s.s.u.SystemPasscodeImpl] System authentication by passcode is disabled
2023.09.23 08:42:31 INFO  web[][o.s.s.p.ServerPluginManager] Deploy C# Code Quality and Security / 8.51.0.59060 / e14c642f118958f22fd08841dc42f9aae480366a
2023.09.23 08:42:31 INFO  web[][o.s.s.p.ServerPluginManager] Deploy Configuration detection fot Code Quality and Security / 1.2.0.267 / 4f37ba9ffb37a96d5883e52ad392ed32c5c6eaab
2023.09.23 08:42:31 INFO  web[][o.s.s.p.ServerPluginManager] Deploy Flex Code Quality and Security / 2.8.0.3166 / 01f66bdddc678966c81a9064ed139156a6a89c97
2023.09.23 08:42:31 INFO  web[][o.s.s.p.ServerPluginManager] Deploy Go Code Quality and Security / 1.11.0.3905 / e1f28bc000e04ca01881e84218d01d464a17a36f
2023.09.23 08:42:31 INFO  web[][o.s.s.p.ServerPluginManager] Deploy HTML Code Quality and Security / 3.7.1.3306 / d720acc6860c6d8b69ec4d17570a398a1e216da1
2023.09.23 08:42:31 INFO  web[][o.s.s.p.ServerPluginManager] Deploy IaC Code Quality and Security / 1.11.0.2847 / 6892bd3a7320b3c110717acfdb18c4c7451069fd
2023.09.23 08:42:31 INFO  web[][o.s.s.p.ServerPluginManager] Deploy JaCoCo / 1.3.0.1538 / 74a7798c7cea687c72ed9df40c93eb7ea2a58c49
2023.09.23 08:42:31 INFO  web[][o.s.s.p.ServerPluginManager] Deploy Java Code Quality and Security / 7.16.0.30901 / 4b1436558dfd5fc00c8d9aae8bb0364ba122c73e
2023.09.23 08:42:31 INFO  web[][o.s.s.p.ServerPluginManager] Deploy JavaScript/TypeScript/CSS Code Quality and Security / 9.13.0.20537 / 68ff7657415044b86033814795ed95fc1f1558f1
2023.09.23 08:42:31 INFO  web[][o.s.s.p.ServerPluginManager] Deploy Kotlin Code Quality and Security / 2.12.0.1956 / a6df1ae252bd62d63f8673c28f87ad14258a7904
2023.09.23 08:42:31 INFO  web[][o.s.s.p.ServerPluginManager] Deploy PHP Code Quality and Security / 3.27.1.9352 / 3ddc5a03e1a7e3729d41e7c1a30a37d5715958c7
2023.09.23 08:42:31 INFO  web[][o.s.s.p.ServerPluginManager] Deploy Python Code Quality and Security / 3.24.1.11916 / cc8f4fa745eb33d31c3869bdfdfd45514e67c1fe
2023.09.23 08:42:31 INFO  web[][o.s.s.p.ServerPluginManager] Deploy Ruby Code Quality and Security / 1.11.0.3905 / e1f28bc000e04ca01881e84218d01d464a17a36f
2023.09.23 08:42:31 INFO  web[][o.s.s.p.ServerPluginManager] Deploy Scala Code Quality and Security / 1.11.0.3905 / e1f28bc000e04ca01881e84218d01d464a17a36f
2023.09.23 08:42:31 INFO  web[][o.s.s.p.ServerPluginManager] Deploy Text Code Quality and Security / 2.0.2.1090 / 7eb026363b98f5f98b43c603772b5177869c2c6a
2023.09.23 08:42:31 INFO  web[][o.s.s.p.ServerPluginManager] Deploy VB.NET Code Quality and Security / 8.51.0.59060 / e14c642f118958f22fd08841dc42f9aae480366a
2023.09.23 08:42:31 INFO  web[][o.s.s.p.ServerPluginManager] Deploy XML Code Quality and Security / 2.7.0.3820 / 656bccc1910d50c8984536bd2dfd917066b858e6
2023.09.23 08:42:32 INFO  web[][o.s.s.e.EsClientProvider] Connected to local Elasticsearch: [http://127.0.0.1:9001]
2023.09.23 08:42:32 WARN  web[][o.s.a.s.w.WebService$Action] Description is not set on action api/monitoring/metrics
2023.09.23 08:42:32 WARN  web[][o.s.a.s.w.WebService$Action] Since is not set on action api/monitoring/metrics
2023.09.23 08:42:32 WARN  web[][o.s.a.s.w.WebService$Action] The response example is not set on action api/monitoring/metrics
2023.09.23 08:42:32 WARN  web[][o.s.a.s.w.WebService$Action] The response example is not set on action api/system/liveness
2023.09.23 08:42:32 INFO  web[][o.s.s.p.w.MasterServletFilter] Initializing servlet filter org.sonar.server.platform.web.WebServiceFilter@a056b26 [pattern=UrlPattern{inclusions=[/api/system/migrate_db.*, ...], exclusions=[/api/components/update_key, ...]}]
2023.09.23 08:42:33 INFO  web[][o.s.s.p.DetectPluginChange] Detect plugin changes
2023.09.23 08:42:33 INFO  web[][o.s.s.p.DetectPluginChange] No plugin change detected
2023.09.23 08:42:33 INFO  web[][o.s.s.a.EmbeddedTomcat] HTTP connector enabled on port 9000
2023.09.23 08:42:34 INFO  web[][o.s.s.s.LogServerId] Server ID: 147B411E-AYq8adpdWnd8NwcpNZu-
2023.09.23 08:42:34 WARN  web[][o.s.s.a.LogOAuthWarning] For security reasons, OAuth authentication should use HTTPS. You should set the property 'Administration > Configuration > Server base URL' to a HTTPS URL.
2023.09.23 08:42:34 INFO  web[][o.s.s.p.UpdateCenterClient] Update center: https://update.sonarsource.org/update-center.properties
2023.09.23 08:42:36 WARN  web[][o.s.a.s.w.WebService$Action] The response example is not set on action saml/validation_init
2023.09.23 08:42:36 WARN  web[][o.s.a.s.w.WebService$Action] The response example is not set on action api/system/liveness
2023.09.23 08:42:36 WARN  web[][o.s.a.s.w.WebService$Action] The response example is not set on action api/plugins/download
2023.09.23 08:42:36 WARN  web[][o.s.a.s.w.WebService$Action] The response example is not set on action api/analysis_cache/get
2023.09.23 08:42:36 WARN  web[][o.s.a.s.w.WebService$Action] The response example is not set on action api/alm_integrations/check_pat
2023.09.23 08:42:36 WARN  web[][o.s.a.s.w.WebService$Action] The response example is not set on action api/push/sonarlint_events
2023.09.23 08:42:36 INFO  web[][o.s.s.a.p.ExpiredSessionsCleaner] Purge of expired session tokens has removed 0 elements
2023.09.23 08:42:36 INFO  web[][o.s.s.a.p.ExpiredSessionsCleaner] Purge of expired SAML message ids has removed 0 elements
2023.09.23 08:42:36 INFO  web[][o.s.s.n.NotificationDaemon] Notification service started (delay 60 sec.)
2023.09.23 08:42:36 INFO  web[][o.s.s.t.TelemetryDaemon] Sharing of SonarQube statistics is enabled.
2023.09.23 08:42:36 INFO  web[][o.s.s.s.GeneratePluginIndex] Generate scanner plugin index
2023.09.23 08:42:36 INFO  web[][o.s.s.s.RegisterPermissionTemplates] Register permission templates
2023.09.23 08:42:36 INFO  web[][o.s.s.s.RenameDeprecatedPropertyKeys] Rename deprecated property keys
2023.09.23 08:42:36 INFO  web[][o.s.s.s.RegisterPlugins] Register plugins
2023.09.23 08:42:36 INFO  web[][o.s.s.p.w.MasterServletFilter] Initializing servlet filter org.sonar.server.platform.web.SonarLintConnectionFilter@7dd6314d [pattern=UrlPattern{inclusions=[/api/*], exclusions=[]}]
2023.09.23 08:42:36 INFO  web[][o.s.s.p.w.MasterServletFilter] Initializing servlet filter org.sonar.server.platform.web.WebServiceFilter@3c7c0e47 [pattern=UrlPattern{inclusions=[/api/issues/delete_comment.*, ...], exclusions=[/api/authentication/login.*, ...]}]
2023.09.23 08:42:36 INFO  web[][o.s.s.p.w.MasterServletFilter] Initializing servlet filter org.sonar.server.platform.web.WebServiceReroutingFilter@47cb38d9 [pattern=UrlPattern{inclusions=[/api/components/bulk_update_key, ...], exclusions=[]}]
2023.09.23 08:42:36 INFO  web[][o.s.s.p.w.MasterServletFilter] Initializing servlet filter org.sonar.server.authentication.DefaultAdminCredentialsVerifierFilter@7f716329 [pattern=UrlPattern{inclusions=[/*], exclusions=[*.css, ...]}]
2023.09.23 08:42:36 INFO  web[][o.s.s.p.w.MasterServletFilter] Initializing servlet filter org.sonar.server.authentication.InitFilter@33e179d3 [pattern=UrlPattern{inclusions=[/sessions/init/*], exclusions=[]}]
2023.09.23 08:42:36 INFO  web[][o.s.s.p.w.MasterServletFilter] Initializing servlet filter org.sonar.server.authentication.SamlValidationRedirectionFilter@6fb347de [pattern=UrlPattern{inclusions=[/oauth2/callback/saml], exclusions=[]}]
2023.09.23 08:42:36 INFO  web[][o.s.s.p.w.MasterServletFilter] Initializing servlet filter org.sonar.server.authentication.OAuth2CallbackFilter@71a0b701 [pattern=UrlPattern{inclusions=[/oauth2/callback/*], exclusions=[]}]
2023.09.23 08:42:36 INFO  web[][o.s.s.p.w.MasterServletFilter] Initializing servlet filter org.sonar.server.authentication.ResetPasswordFilter@5bcfa37 [pattern=UrlPattern{inclusions=[/*], exclusions=[*.css, ...]}]
2023.09.23 08:42:36 INFO  web[][o.s.s.p.w.MasterServletFilter] Initializing servlet filter org.sonar.server.authentication.ws.LoginAction@50b39f28 [pattern=UrlPattern{inclusions=[/api/authentication/login], exclusions=[]}]
2023.09.23 08:42:36 INFO  web[][o.s.s.p.w.MasterServletFilter] Initializing servlet filter org.sonar.server.authentication.ws.LogoutAction@4979582e [pattern=UrlPattern{inclusions=[/api/authentication/logout], exclusions=[]}]
2023.09.23 08:42:36 INFO  web[][o.s.s.p.w.MasterServletFilter] Initializing servlet filter org.sonar.server.authentication.ws.ValidateAction@7ba56de [pattern=UrlPattern{inclusions=[/api/authentication/validate], exclusions=[]}]
2023.09.23 08:42:36 INFO  web[][o.s.s.p.w.MasterServletFilter] Initializing servlet filter org.sonar.server.saml.ws.ValidationInitAction@2d95004d [pattern=UrlPattern{inclusions=[/saml/validation_init], exclusions=[]}]
2023.09.23 08:42:36 INFO  web[][o.s.s.p.w.MasterServletFilter] Initializing servlet filter org.sonar.server.saml.ws.ValidationAction@47c3cadf [pattern=UrlPattern{inclusions=[/saml/validation], exclusions=[]}]
2023.09.23 08:42:36 INFO  web[][o.s.s.p.w.MasterServletFilter] Initializing servlet filter org.sonar.server.user.ws.ChangePasswordAction@3dab34b2 [pattern=UrlPattern{inclusions=[/api/users/change_password], exclusions=[]}]
2023.09.23 08:42:36 INFO  web[][o.s.s.p.w.MasterServletFilter] Initializing servlet filter org.sonar.server.plugins.PluginsRiskConsentFilter@48d3096e [pattern=UrlPattern{inclusions=[/*], exclusions=[*.css, ...]}]
2023.09.23 08:42:36 INFO  web[][o.s.s.q.ProjectsInWarningDaemon] Counting number of projects in warning is not started as there are no projects in this situation.
2023.09.23 08:42:36 INFO  web[][o.s.s.p.p.PlatformLevelStartup] Running Community Edition
2023.09.23 08:42:36 INFO  web[][o.s.s.p.Platform] Web Server is operational
2023.09.23 08:43:44 INFO  web[AYrABvx/lhustOzXAAAP][o.s.u.c.UpdateCenter] The plugin 'config' version : 1.2.0.267 has not been found on the update center.
2023.09.23 08:43:44 INFO  web[AYrABvx/lhustOzXAAAP][o.s.u.c.UpdateCenter] The plugin 'csharp' version : 8.51.0.59060 has not been found on the update center.
2023.09.23 08:43:44 INFO  web[AYrABvx/lhustOzXAAAP][o.s.u.c.UpdateCenter] The plugin 'flex' version : 2.8.0.3166 has not been found on the update center.
2023.09.23 08:43:44 INFO  web[AYrABvx/lhustOzXAAAP][o.s.u.c.UpdateCenter] The plugin 'go' version : 1.11.0.3905 has not been found on the update center.
2023.09.23 08:43:44 INFO  web[AYrABvx/lhustOzXAAAP][o.s.u.c.UpdateCenter] The plugin 'iac' version : 1.11.0.2847 has not been found on the update center.
2023.09.23 08:43:44 INFO  web[AYrABvx/lhustOzXAAAP][o.s.u.c.UpdateCenter] The plugin 'jacoco' version : 1.3.0.1538 has not been found on the update center.
2023.09.23 08:43:44 INFO  web[AYrABvx/lhustOzXAAAP][o.s.u.c.UpdateCenter] The plugin 'java' version : 7.16.0.30901 has not been found on the update center.
2023.09.23 08:43:44 INFO  web[AYrABvx/lhustOzXAAAP][o.s.u.c.UpdateCenter] The plugin 'javascript' version : 9.13.0.20537 has not been found on the update center.
2023.09.23 08:43:44 INFO  web[AYrABvx/lhustOzXAAAP][o.s.u.c.UpdateCenter] The plugin 'kotlin' version : 2.12.0.1956 has not been found on the update center.
2023.09.23 08:43:44 INFO  web[AYrABvx/lhustOzXAAAP][o.s.u.c.UpdateCenter] The plugin 'php' version : 3.27.1.9352 has not been found on the update center.
2023.09.23 08:43:44 INFO  web[AYrABvx/lhustOzXAAAP][o.s.u.c.UpdateCenter] The plugin 'python' version : 3.24.1.11916 has not been found on the update center.
2023.09.23 08:43:44 INFO  web[AYrABvx/lhustOzXAAAP][o.s.u.c.UpdateCenter] The plugin 'ruby' version : 1.11.0.3905 has not been found on the update center.
2023.09.23 08:43:44 INFO  web[AYrABvx/lhustOzXAAAP][o.s.u.c.UpdateCenter] The plugin 'sonarscala' version : 1.11.0.3905 has not been found on the update center.
2023.09.23 08:43:44 INFO  web[AYrABvx/lhustOzXAAAP][o.s.u.c.UpdateCenter] The plugin 'text' version : 2.0.2.1090 has not been found on the update center.
2023.09.23 08:43:44 INFO  web[AYrABvx/lhustOzXAAAP][o.s.u.c.UpdateCenter] The plugin 'vbnet' version : 8.51.0.59060 has not been found on the update center.
2023.09.23 08:43:44 INFO  web[AYrABvx/lhustOzXAAAP][o.s.u.c.UpdateCenter] The plugin 'web' version : 3.7.1.3306 has not been found on the update center.
2023.09.23 08:43:44 INFO  web[AYrABvx/lhustOzXAAAP][o.s.u.c.UpdateCenter] The plugin 'xml' version : 2.7.0.3820 has not been found on the update center.
2023.09.23 08:43:44 INFO  web[AYrABvx/lhustOzXAAAP][o.s.u.c.UpdateCenter] The plugin 'config' version : 1.2.0.267 has not been found on the update center.
2023.09.23 08:43:44 INFO  web[AYrABvx/lhustOzXAAAP][o.s.u.c.UpdateCenter] The plugin 'csharp' version : 8.51.0.59060 has not been found on the update center.
2023.09.23 08:43:44 INFO  web[AYrABvx/lhustOzXAAAP][o.s.u.c.UpdateCenter] The plugin 'flex' version : 2.8.0.3166 has not been found on the update center.
2023.09.23 08:43:44 INFO  web[AYrABvx/lhustOzXAAAP][o.s.u.c.UpdateCenter] The plugin 'go' version : 1.11.0.3905 has not been found on the update center.
2023.09.23 08:43:44 INFO  web[AYrABvx/lhustOzXAAAP][o.s.u.c.UpdateCenter] The plugin 'iac' version : 1.11.0.2847 has not been found on the update center.
2023.09.23 08:43:44 INFO  web[AYrABvx/lhustOzXAAAP][o.s.u.c.UpdateCenter] The plugin 'jacoco' version : 1.3.0.1538 has not been found on the update center.
2023.09.23 08:43:44 INFO  web[AYrABvx/lhustOzXAAAP][o.s.u.c.UpdateCenter] The plugin 'java' version : 7.16.0.30901 has not been found on the update center.
2023.09.23 08:43:44 INFO  web[AYrABvx/lhustOzXAAAP][o.s.u.c.UpdateCenter] The plugin 'javascript' version : 9.13.0.20537 has not been found on the update center.
2023.09.23 08:43:44 INFO  web[AYrABvx/lhustOzXAAAP][o.s.u.c.UpdateCenter] The plugin 'kotlin' version : 2.12.0.1956 has not been found on the update center.
2023.09.23 08:43:44 INFO  web[AYrABvx/lhustOzXAAAP][o.s.u.c.UpdateCenter] The plugin 'php' version : 3.27.1.9352 has not been found on the update center.
2023.09.23 08:43:44 INFO  web[AYrABvx/lhustOzXAAAP][o.s.u.c.UpdateCenter] The plugin 'python' version : 3.24.1.11916 has not been found on the update center.
2023.09.23 08:43:44 INFO  web[AYrABvx/lhustOzXAAAP][o.s.u.c.UpdateCenter] The plugin 'ruby' version : 1.11.0.3905 has not been found on the update center.
2023.09.23 08:43:44 INFO  web[AYrABvx/lhustOzXAAAP][o.s.u.c.UpdateCenter] The plugin 'sonarscala' version : 1.11.0.3905 has not been found on the update center.
2023.09.23 08:43:44 INFO  web[AYrABvx/lhustOzXAAAP][o.s.u.c.UpdateCenter] The plugin 'text' version : 2.0.2.1090 has not been found on the update center.
2023.09.23 08:43:44 INFO  web[AYrABvx/lhustOzXAAAP][o.s.u.c.UpdateCenter] The plugin 'vbnet' version : 8.51.0.59060 has not been found on the update center.
2023.09.23 08:43:44 INFO  web[AYrABvx/lhustOzXAAAP][o.s.u.c.UpdateCenter] The plugin 'web' version : 3.7.1.3306 has not been found on the update center.
2023.09.23 08:43:44 INFO  web[AYrABvx/lhustOzXAAAP][o.s.u.c.UpdateCenter] The plugin 'xml' version : 2.7.0.3820 has not been found on the update center.
2023.09.23 08:43:44 INFO  web[AYrABvx/lhustOzXAAAP][o.s.u.c.UpdateCenter] The plugin 'config' version : 1.2.0.267 has not been found on the update center.
2023.09.23 08:43:44 INFO  web[AYrABvx/lhustOzXAAAP][o.s.u.c.UpdateCenter] The plugin 'csharp' version : 8.51.0.59060 has not been found on the update center.
2023.09.23 08:43:44 INFO  web[AYrABvx/lhustOzXAAAP][o.s.u.c.UpdateCenter] The plugin 'flex' version : 2.8.0.3166 has not been found on the update center.
2023.09.23 08:43:44 INFO  web[AYrABvx/lhustOzXAAAP][o.s.u.c.UpdateCenter] The plugin 'go' version : 1.11.0.3905 has not been found on the update center.
2023.09.23 08:43:44 INFO  web[AYrABvx/lhustOzXAAAP][o.s.u.c.UpdateCenter] The plugin 'iac' version : 1.11.0.2847 has not been found on the update center.
2023.09.23 08:43:44 INFO  web[AYrABvx/lhustOzXAAAP][o.s.u.c.UpdateCenter] The plugin 'jacoco' version : 1.3.0.1538 has not been found on the update center.
2023.09.23 08:43:44 INFO  web[AYrABvx/lhustOzXAAAP][o.s.u.c.UpdateCenter] The plugin 'java' version : 7.16.0.30901 has not been found on the update center.
2023.09.23 08:43:44 INFO  web[AYrABvx/lhustOzXAAAP][o.s.u.c.UpdateCenter] The plugin 'javascript' version : 9.13.0.20537 has not been found on the update center.
2023.09.23 08:43:44 INFO  web[AYrABvx/lhustOzXAAAP][o.s.u.c.UpdateCenter] The plugin 'kotlin' version : 2.12.0.1956 has not been found on the update center.
2023.09.23 08:43:44 INFO  web[AYrABvx/lhustOzXAAAP][o.s.u.c.UpdateCenter] The plugin 'php' version : 3.27.1.9352 has not been found on the update center.
2023.09.23 08:43:44 INFO  web[AYrABvx/lhustOzXAAAP][o.s.u.c.UpdateCenter] The plugin 'python' version : 3.24.1.11916 has not been found on the update center.
2023.09.23 08:43:44 INFO  web[AYrABvx/lhustOzXAAAP][o.s.u.c.UpdateCenter] The plugin 'ruby' version : 1.11.0.3905 has not been found on the update center.
2023.09.23 08:43:44 INFO  web[AYrABvx/lhustOzXAAAP][o.s.u.c.UpdateCenter] The plugin 'sonarscala' version : 1.11.0.3905 has not been found on the update center.
2023.09.23 08:43:44 INFO  web[AYrABvx/lhustOzXAAAP][o.s.u.c.UpdateCenter] The plugin 'text' version : 2.0.2.1090 has not been found on the update center.
2023.09.23 08:43:44 INFO  web[AYrABvx/lhustOzXAAAP][o.s.u.c.UpdateCenter] The plugin 'vbnet' version : 8.51.0.59060 has not been found on the update center.
2023.09.23 08:43:44 INFO  web[AYrABvx/lhustOzXAAAP][o.s.u.c.UpdateCenter] The plugin 'web' version : 3.7.1.3306 has not been found on the update center.
2023.09.23 08:43:44 INFO  web[AYrABvx/lhustOzXAAAP][o.s.u.c.UpdateCenter] The plugin 'xml' version : 2.7.0.3820 has not been found on the update center.
2023.09.23 08:43:44 INFO  web[AYrABvx/lhustOzXAAAP][o.s.u.c.UpdateCenter] The plugin 'config' version : 1.2.0.267 has not been found on the update center.
2023.09.23 08:43:44 INFO  web[AYrABvx/lhustOzXAAAP][o.s.u.c.UpdateCenter] The plugin 'csharp' version : 8.51.0.59060 has not been found on the update center.
2023.09.23 08:43:44 INFO  web[AYrABvx/lhustOzXAAAP][o.s.u.c.UpdateCenter] The plugin 'flex' version : 2.8.0.3166 has not been found on the update center.
2023.09.23 08:43:44 INFO  web[AYrABvx/lhustOzXAAAP][o.s.u.c.UpdateCenter] The plugin 'go' version : 1.11.0.3905 has not been found on the update center.
2023.09.23 08:43:44 INFO  web[AYrABvx/lhustOzXAAAP][o.s.u.c.UpdateCenter] The plugin 'iac' version : 1.11.0.2847 has not been found on the update center.
2023.09.23 08:43:44 INFO  web[AYrABvx/lhustOzXAAAP][o.s.u.c.UpdateCenter] The plugin 'jacoco' version : 1.3.0.1538 has not been found on the update center.
2023.09.23 08:43:44 INFO  web[AYrABvx/lhustOzXAAAP][o.s.u.c.UpdateCenter] The plugin 'java' version : 7.16.0.30901 has not been found on the update center.
2023.09.23 08:43:44 INFO  web[AYrABvx/lhustOzXAAAP][o.s.u.c.UpdateCenter] The plugin 'javascript' version : 9.13.0.20537 has not been found on the update center.
2023.09.23 08:43:44 INFO  web[AYrABvx/lhustOzXAAAP][o.s.u.c.UpdateCenter] The plugin 'kotlin' version : 2.12.0.1956 has not been found on the update center.
2023.09.23 08:43:44 INFO  web[AYrABvx/lhustOzXAAAP][o.s.u.c.UpdateCenter] The plugin 'php' version : 3.27.1.9352 has not been found on the update center.
2023.09.23 08:43:44 INFO  web[AYrABvx/lhustOzXAAAP][o.s.u.c.UpdateCenter] The plugin 'python' version : 3.24.1.11916 has not been found on the update center.
2023.09.23 08:43:44 INFO  web[AYrABvx/lhustOzXAAAP][o.s.u.c.UpdateCenter] The plugin 'ruby' version : 1.11.0.3905 has not been found on the update center.
2023.09.23 08:43:44 INFO  web[AYrABvx/lhustOzXAAAP][o.s.u.c.UpdateCenter] The plugin 'sonarscala' version : 1.11.0.3905 has not been found on the update center.
2023.09.23 08:43:44 INFO  web[AYrABvx/lhustOzXAAAP][o.s.u.c.UpdateCenter] The plugin 'text' version : 2.0.2.1090 has not been found on the update center.
2023.09.23 08:43:44 INFO  web[AYrABvx/lhustOzXAAAP][o.s.u.c.UpdateCenter] The plugin 'vbnet' version : 8.51.0.59060 has not been found on the update center.
2023.09.23 08:43:44 INFO  web[AYrABvx/lhustOzXAAAP][o.s.u.c.UpdateCenter] The plugin 'web' version : 3.7.1.3306 has not been found on the update center.
2023.09.23 08:43:44 INFO  web[AYrABvx/lhustOzXAAAP][o.s.u.c.UpdateCenter] The plugin 'xml' version : 2.7.0.3820 has not been found on the update center.
2023.09.23 14:09:58 INFO  web[][o.s.p.ProcessEntryPoint] Starting Web Server
2023.09.23 14:09:59 INFO  web[][o.s.s.p.LogServerVersion] SonarQube Server / 9.9.2.77730 / dd63ff5d0db91f039afd5d40319122666c9961ef
2023.09.23 14:10:00 INFO  web[][o.s.s.p.d.EmbeddedDatabase] Starting embedded database on port 9092 with url jdbc:h2:tcp://127.0.0.1:9092/sonar;NON_KEYWORDS=VALUE
2023.09.23 14:10:00 INFO  web[][o.s.s.p.d.EmbeddedDatabase] Embedded database started. Data stored in: C:\Program Files\sonarqube\sonarqube-9.9.2.77730\data
2023.09.23 14:10:00 INFO  web[][o.sonar.db.Database] Create JDBC data source for jdbc:h2:tcp://127.0.0.1:9092/sonar;NON_KEYWORDS=VALUE
2023.09.23 14:10:00 INFO  web[][c.z.h.HikariDataSource] HikariPool-1 - Starting...
2023.09.23 14:10:00 INFO  web[][c.z.h.p.HikariPool] HikariPool-1 - Added connection conn2: url=jdbc:h2:tcp://127.0.0.1:9092/sonar user=
2023.09.23 14:10:00 INFO  web[][c.z.h.HikariDataSource] HikariPool-1 - Start completed.
2023.09.23 14:10:00 WARN  web[][o.s.db.dialect.H2] H2 database should be used for evaluation purpose only.
2023.09.23 14:10:01 INFO  web[][o.s.s.p.ServerFileSystemImpl] SonarQube home: C:\Program Files\sonarqube\sonarqube-9.9.2.77730
2023.09.23 14:10:01 INFO  web[][o.s.s.u.SystemPasscodeImpl] System authentication by passcode is disabled
2023.09.23 14:10:01 INFO  web[][o.s.s.p.ServerPluginManager] Deploy C# Code Quality and Security / 8.51.0.59060 / e14c642f118958f22fd08841dc42f9aae480366a
2023.09.23 14:10:01 INFO  web[][o.s.s.p.ServerPluginManager] Deploy Configuration detection fot Code Quality and Security / 1.2.0.267 / 4f37ba9ffb37a96d5883e52ad392ed32c5c6eaab
2023.09.23 14:10:01 INFO  web[][o.s.s.p.ServerPluginManager] Deploy Flex Code Quality and Security / 2.8.0.3166 / 01f66bdddc678966c81a9064ed139156a6a89c97
2023.09.23 14:10:01 INFO  web[][o.s.s.p.ServerPluginManager] Deploy Go Code Quality and Security / 1.11.0.3905 / e1f28bc000e04ca01881e84218d01d464a17a36f
2023.09.23 14:10:01 INFO  web[][o.s.s.p.ServerPluginManager] Deploy HTML Code Quality and Security / 3.7.1.3306 / d720acc6860c6d8b69ec4d17570a398a1e216da1
2023.09.23 14:10:01 INFO  web[][o.s.s.p.ServerPluginManager] Deploy IaC Code Quality and Security / 1.11.0.2847 / 6892bd3a7320b3c110717acfdb18c4c7451069fd
2023.09.23 14:10:01 INFO  web[][o.s.s.p.ServerPluginManager] Deploy JaCoCo / 1.3.0.1538 / 74a7798c7cea687c72ed9df40c93eb7ea2a58c49
2023.09.23 14:10:01 INFO  web[][o.s.s.p.ServerPluginManager] Deploy Java Code Quality and Security / 7.16.0.30901 / 4b1436558dfd5fc00c8d9aae8bb0364ba122c73e
2023.09.23 14:10:01 INFO  web[][o.s.s.p.ServerPluginManager] Deploy JavaScript/TypeScript/CSS Code Quality and Security / 9.13.0.20537 / 68ff7657415044b86033814795ed95fc1f1558f1
2023.09.23 14:10:01 INFO  web[][o.s.s.p.ServerPluginManager] Deploy Kotlin Code Quality and Security / 2.12.0.1956 / a6df1ae252bd62d63f8673c28f87ad14258a7904
2023.09.23 14:10:01 INFO  web[][o.s.s.p.ServerPluginManager] Deploy PHP Code Quality and Security / 3.27.1.9352 / 3ddc5a03e1a7e3729d41e7c1a30a37d5715958c7
2023.09.23 14:10:01 INFO  web[][o.s.s.p.ServerPluginManager] Deploy Python Code Quality and Security / 3.24.1.11916 / cc8f4fa745eb33d31c3869bdfdfd45514e67c1fe
2023.09.23 14:10:01 INFO  web[][o.s.s.p.ServerPluginManager] Deploy Ruby Code Quality and Security / 1.11.0.3905 / e1f28bc000e04ca01881e84218d01d464a17a36f
2023.09.23 14:10:01 INFO  web[][o.s.s.p.ServerPluginManager] Deploy Scala Code Quality and Security / 1.11.0.3905 / e1f28bc000e04ca01881e84218d01d464a17a36f
2023.09.23 14:10:01 INFO  web[][o.s.s.p.ServerPluginManager] Deploy Text Code Quality and Security / 2.0.2.1090 / 7eb026363b98f5f98b43c603772b5177869c2c6a
2023.09.23 14:10:01 INFO  web[][o.s.s.p.ServerPluginManager] Deploy VB.NET Code Quality and Security / 8.51.0.59060 / e14c642f118958f22fd08841dc42f9aae480366a
2023.09.23 14:10:01 INFO  web[][o.s.s.p.ServerPluginManager] Deploy XML Code Quality and Security / 2.7.0.3820 / 656bccc1910d50c8984536bd2dfd917066b858e6
2023.09.23 14:10:02 INFO  web[][o.s.s.e.EsClientProvider] Connected to local Elasticsearch: [http://127.0.0.1:9001]
2023.09.23 14:10:03 WARN  web[][o.s.a.s.w.WebService$Action] Description is not set on action api/monitoring/metrics
2023.09.23 14:10:03 WARN  web[][o.s.a.s.w.WebService$Action] Since is not set on action api/monitoring/metrics
2023.09.23 14:10:03 WARN  web[][o.s.a.s.w.WebService$Action] The response example is not set on action api/monitoring/metrics
2023.09.23 14:10:03 WARN  web[][o.s.a.s.w.WebService$Action] The response example is not set on action api/system/liveness
2023.09.23 14:10:03 INFO  web[][o.s.s.p.w.MasterServletFilter] Initializing servlet filter org.sonar.server.platform.web.WebServiceFilter@2674d4f6 [pattern=UrlPattern{inclusions=[/api/system/migrate_db.*, ...], exclusions=[/api/components/update_key, ...]}]
2023.09.23 14:10:03 INFO  web[][o.s.s.p.DetectPluginChange] Detect plugin changes
2023.09.23 14:10:03 INFO  web[][o.s.s.p.DetectPluginChange] No plugin change detected
2023.09.23 14:10:03 INFO  web[][o.s.s.a.EmbeddedTomcat] HTTP connector enabled on port 9000
2023.09.23 14:10:05 INFO  web[][o.s.s.s.LogServerId] Server ID: 147B411E-AYq8adpdWnd8NwcpNZu-
2023.09.23 14:10:05 WARN  web[][o.s.s.a.LogOAuthWarning] For security reasons, OAuth authentication should use HTTPS. You should set the property 'Administration > Configuration > Server base URL' to a HTTPS URL.
2023.09.23 14:10:05 INFO  web[][o.s.s.p.UpdateCenterClient] Update center: https://update.sonarsource.org/update-center.properties
2023.09.23 14:10:06 WARN  web[][o.s.a.s.w.WebService$Action] The response example is not set on action saml/validation_init
2023.09.23 14:10:07 WARN  web[][o.s.a.s.w.WebService$Action] The response example is not set on action api/system/liveness
2023.09.23 14:10:07 WARN  web[][o.s.a.s.w.WebService$Action] The response example is not set on action api/plugins/download
2023.09.23 14:10:07 WARN  web[][o.s.a.s.w.WebService$Action] The response example is not set on action api/analysis_cache/get
2023.09.23 14:10:07 WARN  web[][o.s.a.s.w.WebService$Action] The response example is not set on action api/alm_integrations/check_pat
2023.09.23 14:10:07 WARN  web[][o.s.a.s.w.WebService$Action] The response example is not set on action api/push/sonarlint_events
2023.09.23 14:10:07 INFO  web[][o.s.s.a.p.ExpiredSessionsCleaner] Purge of expired session tokens has removed 0 elements
2023.09.23 14:10:07 INFO  web[][o.s.s.a.p.ExpiredSessionsCleaner] Purge of expired SAML message ids has removed 0 elements
2023.09.23 14:10:07 INFO  web[][o.s.s.n.NotificationDaemon] Notification service started (delay 60 sec.)
2023.09.23 14:10:07 INFO  web[][o.s.s.t.TelemetryDaemon] Sharing of SonarQube statistics is enabled.
2023.09.23 14:10:07 INFO  web[][o.s.s.s.GeneratePluginIndex] Generate scanner plugin index
2023.09.23 14:10:07 INFO  web[][o.s.s.s.RegisterPermissionTemplates] Register permission templates
2023.09.23 14:10:07 INFO  web[][o.s.s.s.RenameDeprecatedPropertyKeys] Rename deprecated property keys
2023.09.23 14:10:07 INFO  web[][o.s.s.s.RegisterPlugins] Register plugins
2023.09.23 14:10:07 INFO  web[][o.s.s.p.w.MasterServletFilter] Initializing servlet filter org.sonar.server.platform.web.SonarLintConnectionFilter@10d6f6de [pattern=UrlPattern{inclusions=[/api/*], exclusions=[]}]
2023.09.23 14:10:07 INFO  web[][o.s.s.p.w.MasterServletFilter] Initializing servlet filter org.sonar.server.platform.web.WebServiceFilter@59c185c5 [pattern=UrlPattern{inclusions=[/api/issues/delete_comment.*, ...], exclusions=[/api/authentication/login.*, ...]}]
2023.09.23 14:10:07 INFO  web[][o.s.s.p.w.MasterServletFilter] Initializing servlet filter org.sonar.server.platform.web.WebServiceReroutingFilter@46f56770 [pattern=UrlPattern{inclusions=[/api/components/bulk_update_key, ...], exclusions=[]}]
2023.09.23 14:10:07 INFO  web[][o.s.s.p.w.MasterServletFilter] Initializing servlet filter org.sonar.server.authentication.DefaultAdminCredentialsVerifierFilter@40757072 [pattern=UrlPattern{inclusions=[/*], exclusions=[*.css, ...]}]
2023.09.23 14:10:07 INFO  web[][o.s.s.p.w.MasterServletFilter] Initializing servlet filter org.sonar.server.authentication.InitFilter@67b20ea4 [pattern=UrlPattern{inclusions=[/sessions/init/*], exclusions=[]}]
2023.09.23 14:10:07 INFO  web[][o.s.s.p.w.MasterServletFilter] Initializing servlet filter org.sonar.server.authentication.SamlValidationRedirectionFilter@3208403a [pattern=UrlPattern{inclusions=[/oauth2/callback/saml], exclusions=[]}]
2023.09.23 14:10:07 INFO  web[][o.s.s.p.w.MasterServletFilter] Initializing servlet filter org.sonar.server.authentication.OAuth2CallbackFilter@5fab6fec [pattern=UrlPattern{inclusions=[/oauth2/callback/*], exclusions=[]}]
2023.09.23 14:10:07 INFO  web[][o.s.s.p.w.MasterServletFilter] Initializing servlet filter org.sonar.server.authentication.ResetPasswordFilter@3436728b [pattern=UrlPattern{inclusions=[/*], exclusions=[*.css, ...]}]
2023.09.23 14:10:07 INFO  web[][o.s.s.p.w.MasterServletFilter] Initializing servlet filter org.sonar.server.authentication.ws.LoginAction@5161ffaa [pattern=UrlPattern{inclusions=[/api/authentication/login], exclusions=[]}]
2023.09.23 14:10:07 INFO  web[][o.s.s.p.w.MasterServletFilter] Initializing servlet filter org.sonar.server.authentication.ws.LogoutAction@6c9e6101 [pattern=UrlPattern{inclusions=[/api/authentication/logout], exclusions=[]}]
2023.09.23 14:10:07 INFO  web[][o.s.s.p.w.MasterServletFilter] Initializing servlet filter org.sonar.server.authentication.ws.ValidateAction@1809a6f6 [pattern=UrlPattern{inclusions=[/api/authentication/validate], exclusions=[]}]
2023.09.23 14:10:07 INFO  web[][o.s.s.p.w.MasterServletFilter] Initializing servlet filter org.sonar.server.saml.ws.ValidationInitAction@4921f10a [pattern=UrlPattern{inclusions=[/saml/validation_init], exclusions=[]}]
2023.09.23 14:10:07 INFO  web[][o.s.s.p.w.MasterServletFilter] Initializing servlet filter org.sonar.server.saml.ws.ValidationAction@4a1d28dc [pattern=UrlPattern{inclusions=[/saml/validation], exclusions=[]}]
2023.09.23 14:10:07 INFO  web[][o.s.s.p.w.MasterServletFilter] Initializing servlet filter org.sonar.server.user.ws.ChangePasswordAction@43069d87 [pattern=UrlPattern{inclusions=[/api/users/change_password], exclusions=[]}]
2023.09.23 14:10:07 INFO  web[][o.s.s.p.w.MasterServletFilter] Initializing servlet filter org.sonar.server.plugins.PluginsRiskConsentFilter@337f1c4d [pattern=UrlPattern{inclusions=[/*], exclusions=[*.css, ...]}]
2023.09.23 14:10:07 INFO  web[][o.s.s.q.ProjectsInWarningDaemon] Counting number of projects in warning is not started as there are no projects in this situation.
2023.09.23 14:10:07 INFO  web[][o.s.s.p.p.PlatformLevelStartup] Running Community Edition
2023.09.23 14:10:08 INFO  web[][o.s.s.p.Platform] Web Server is operational
2023.09.23 14:11:05 INFO  web[AYrBMsuQReEfCpFQAAAP][o.s.u.c.UpdateCenter] The plugin 'config' version : 1.2.0.267 has not been found on the update center.
2023.09.23 14:11:05 INFO  web[AYrBMsuQReEfCpFQAAAP][o.s.u.c.UpdateCenter] The plugin 'csharp' version : 8.51.0.59060 has not been found on the update center.
2023.09.23 14:11:05 INFO  web[AYrBMsuQReEfCpFQAAAP][o.s.u.c.UpdateCenter] The plugin 'flex' version : 2.8.0.3166 has not been found on the update center.
2023.09.23 14:11:05 INFO  web[AYrBMsuQReEfCpFQAAAP][o.s.u.c.UpdateCenter] The plugin 'go' version : 1.11.0.3905 has not been found on the update center.
2023.09.23 14:11:05 INFO  web[AYrBMsuQReEfCpFQAAAP][o.s.u.c.UpdateCenter] The plugin 'iac' version : 1.11.0.2847 has not been found on the update center.
2023.09.23 14:11:05 INFO  web[AYrBMsuQReEfCpFQAAAP][o.s.u.c.UpdateCenter] The plugin 'jacoco' version : 1.3.0.1538 has not been found on the update center.
2023.09.23 14:11:05 INFO  web[AYrBMsuQReEfCpFQAAAP][o.s.u.c.UpdateCenter] The plugin 'java' version : 7.16.0.30901 has not been found on the update center.
2023.09.23 14:11:05 INFO  web[AYrBMsuQReEfCpFQAAAP][o.s.u.c.UpdateCenter] The plugin 'javascript' version : 9.13.0.20537 has not been found on the update center.
2023.09.23 14:11:05 INFO  web[AYrBMsuQReEfCpFQAAAP][o.s.u.c.UpdateCenter] The plugin 'kotlin' version : 2.12.0.1956 has not been found on the update center.
2023.09.23 14:11:05 INFO  web[AYrBMsuQReEfCpFQAAAP][o.s.u.c.UpdateCenter] The plugin 'php' version : 3.27.1.9352 has not been found on the update center.
2023.09.23 14:11:05 INFO  web[AYrBMsuQReEfCpFQAAAP][o.s.u.c.UpdateCenter] The plugin 'python' version : 3.24.1.11916 has not been found on the update center.
2023.09.23 14:11:05 INFO  web[AYrBMsuQReEfCpFQAAAP][o.s.u.c.UpdateCenter] The plugin 'ruby' version : 1.11.0.3905 has not been found on the update center.
2023.09.23 14:11:05 INFO  web[AYrBMsuQReEfCpFQAAAP][o.s.u.c.UpdateCenter] The plugin 'sonarscala' version : 1.11.0.3905 has not been found on the update center.
2023.09.23 14:11:05 INFO  web[AYrBMsuQReEfCpFQAAAP][o.s.u.c.UpdateCenter] The plugin 'text' version : 2.0.2.1090 has not been found on the update center.
2023.09.23 14:11:05 INFO  web[AYrBMsuQReEfCpFQAAAP][o.s.u.c.UpdateCenter] The plugin 'vbnet' version : 8.51.0.59060 has not been found on the update center.
2023.09.23 14:11:05 INFO  web[AYrBMsuQReEfCpFQAAAP][o.s.u.c.UpdateCenter] The plugin 'web' version : 3.7.1.3306 has not been found on the update center.
2023.09.23 14:11:05 INFO  web[AYrBMsuQReEfCpFQAAAP][o.s.u.c.UpdateCenter] The plugin 'xml' version : 2.7.0.3820 has not been found on the update center.
2023.09.23 14:11:05 INFO  web[AYrBMsuQReEfCpFQAAAP][o.s.u.c.UpdateCenter] The plugin 'config' version : 1.2.0.267 has not been found on the update center.
2023.09.23 14:11:05 INFO  web[AYrBMsuQReEfCpFQAAAP][o.s.u.c.UpdateCenter] The plugin 'csharp' version : 8.51.0.59060 has not been found on the update center.
2023.09.23 14:11:05 INFO  web[AYrBMsuQReEfCpFQAAAP][o.s.u.c.UpdateCenter] The plugin 'flex' version : 2.8.0.3166 has not been found on the update center.
2023.09.23 14:11:05 INFO  web[AYrBMsuQReEfCpFQAAAP][o.s.u.c.UpdateCenter] The plugin 'go' version : 1.11.0.3905 has not been found on the update center.
2023.09.23 14:11:05 INFO  web[AYrBMsuQReEfCpFQAAAP][o.s.u.c.UpdateCenter] The plugin 'iac' version : 1.11.0.2847 has not been found on the update center.
2023.09.23 14:11:05 INFO  web[AYrBMsuQReEfCpFQAAAP][o.s.u.c.UpdateCenter] The plugin 'jacoco' version : 1.3.0.1538 has not been found on the update center.
2023.09.23 14:11:05 INFO  web[AYrBMsuQReEfCpFQAAAP][o.s.u.c.UpdateCenter] The plugin 'java' version : 7.16.0.30901 has not been found on the update center.
2023.09.23 14:11:05 INFO  web[AYrBMsuQReEfCpFQAAAP][o.s.u.c.UpdateCenter] The plugin 'javascript' version : 9.13.0.20537 has not been found on the update center.
2023.09.23 14:11:05 INFO  web[AYrBMsuQReEfCpFQAAAP][o.s.u.c.UpdateCenter] The plugin 'kotlin' version : 2.12.0.1956 has not been found on the update center.
2023.09.23 14:11:05 INFO  web[AYrBMsuQReEfCpFQAAAP][o.s.u.c.UpdateCenter] The plugin 'php' version : 3.27.1.9352 has not been found on the update center.
2023.09.23 14:11:05 INFO  web[AYrBMsuQReEfCpFQAAAP][o.s.u.c.UpdateCenter] The plugin 'python' version : 3.24.1.11916 has not been found on the update center.
2023.09.23 14:11:05 INFO  web[AYrBMsuQReEfCpFQAAAP][o.s.u.c.UpdateCenter] The plugin 'ruby' version : 1.11.0.3905 has not been found on the update center.
2023.09.23 14:11:05 INFO  web[AYrBMsuQReEfCpFQAAAP][o.s.u.c.UpdateCenter] The plugin 'sonarscala' version : 1.11.0.3905 has not been found on the update center.
2023.09.23 14:11:05 INFO  web[AYrBMsuQReEfCpFQAAAP][o.s.u.c.UpdateCenter] The plugin 'text' version : 2.0.2.1090 has not been found on the update center.
2023.09.23 14:11:05 INFO  web[AYrBMsuQReEfCpFQAAAP][o.s.u.c.UpdateCenter] The plugin 'vbnet' version : 8.51.0.59060 has not been found on the update center.
2023.09.23 14:11:05 INFO  web[AYrBMsuQReEfCpFQAAAP][o.s.u.c.UpdateCenter] The plugin 'web' version : 3.7.1.3306 has not been found on the update center.
2023.09.23 14:11:05 INFO  web[AYrBMsuQReEfCpFQAAAP][o.s.u.c.UpdateCenter] The plugin 'xml' version : 2.7.0.3820 has not been found on the update center.
2023.09.23 14:11:05 INFO  web[AYrBMsuQReEfCpFQAAAP][o.s.u.c.UpdateCenter] The plugin 'config' version : 1.2.0.267 has not been found on the update center.
2023.09.23 14:11:05 INFO  web[AYrBMsuQReEfCpFQAAAP][o.s.u.c.UpdateCenter] The plugin 'csharp' version : 8.51.0.59060 has not been found on the update center.
2023.09.23 14:11:05 INFO  web[AYrBMsuQReEfCpFQAAAP][o.s.u.c.UpdateCenter] The plugin 'flex' version : 2.8.0.3166 has not been found on the update center.
2023.09.23 14:11:05 INFO  web[AYrBMsuQReEfCpFQAAAP][o.s.u.c.UpdateCenter] The plugin 'go' version : 1.11.0.3905 has not been found on the update center.
2023.09.23 14:11:05 INFO  web[AYrBMsuQReEfCpFQAAAP][o.s.u.c.UpdateCenter] The plugin 'iac' version : 1.11.0.2847 has not been found on the update center.
2023.09.23 14:11:05 INFO  web[AYrBMsuQReEfCpFQAAAP][o.s.u.c.UpdateCenter] The plugin 'jacoco' version : 1.3.0.1538 has not been found on the update center.
2023.09.23 14:11:05 INFO  web[AYrBMsuQReEfCpFQAAAP][o.s.u.c.UpdateCenter] The plugin 'java' version : 7.16.0.30901 has not been found on the update center.
2023.09.23 14:11:05 INFO  web[AYrBMsuQReEfCpFQAAAP][o.s.u.c.UpdateCenter] The plugin 'javascript' version : 9.13.0.20537 has not been found on the update center.
2023.09.23 14:11:05 INFO  web[AYrBMsuQReEfCpFQAAAP][o.s.u.c.UpdateCenter] The plugin 'kotlin' version : 2.12.0.1956 has not been found on the update center.
2023.09.23 14:11:05 INFO  web[AYrBMsuQReEfCpFQAAAP][o.s.u.c.UpdateCenter] The plugin 'php' version : 3.27.1.9352 has not been found on the update center.
2023.09.23 14:11:05 INFO  web[AYrBMsuQReEfCpFQAAAP][o.s.u.c.UpdateCenter] The plugin 'python' version : 3.24.1.11916 has not been found on the update center.
2023.09.23 14:11:05 INFO  web[AYrBMsuQReEfCpFQAAAP][o.s.u.c.UpdateCenter] The plugin 'ruby' version : 1.11.0.3905 has not been found on the update center.
2023.09.23 14:11:05 INFO  web[AYrBMsuQReEfCpFQAAAP][o.s.u.c.UpdateCenter] The plugin 'sonarscala' version : 1.11.0.3905 has not been found on the update center.
2023.09.23 14:11:05 INFO  web[AYrBMsuQReEfCpFQAAAP][o.s.u.c.UpdateCenter] The plugin 'text' version : 2.0.2.1090 has not been found on the update center.
2023.09.23 14:11:05 INFO  web[AYrBMsuQReEfCpFQAAAP][o.s.u.c.UpdateCenter] The plugin 'vbnet' version : 8.51.0.59060 has not been found on the update center.
2023.09.23 14:11:05 INFO  web[AYrBMsuQReEfCpFQAAAP][o.s.u.c.UpdateCenter] The plugin 'web' version : 3.7.1.3306 has not been found on the update center.
2023.09.23 14:11:05 INFO  web[AYrBMsuQReEfCpFQAAAP][o.s.u.c.UpdateCenter] The plugin 'xml' version : 2.7.0.3820 has not been found on the update center.
2023.09.23 14:11:05 INFO  web[AYrBMsuQReEfCpFQAAAP][o.s.u.c.UpdateCenter] The plugin 'config' version : 1.2.0.267 has not been found on the update center.
2023.09.23 14:11:05 INFO  web[AYrBMsuQReEfCpFQAAAP][o.s.u.c.UpdateCenter] The plugin 'csharp' version : 8.51.0.59060 has not been found on the update center.
2023.09.23 14:11:05 INFO  web[AYrBMsuQReEfCpFQAAAP][o.s.u.c.UpdateCenter] The plugin 'flex' version : 2.8.0.3166 has not been found on the update center.
2023.09.23 14:11:05 INFO  web[AYrBMsuQReEfCpFQAAAP][o.s.u.c.UpdateCenter] The plugin 'go' version : 1.11.0.3905 has not been found on the update center.
2023.09.23 14:11:05 INFO  web[AYrBMsuQReEfCpFQAAAP][o.s.u.c.UpdateCenter] The plugin 'iac' version : 1.11.0.2847 has not been found on the update center.
2023.09.23 14:11:05 INFO  web[AYrBMsuQReEfCpFQAAAP][o.s.u.c.UpdateCenter] The plugin 'jacoco' version : 1.3.0.1538 has not been found on the update center.
2023.09.23 14:11:05 INFO  web[AYrBMsuQReEfCpFQAAAP][o.s.u.c.UpdateCenter] The plugin 'java' version : 7.16.0.30901 has not been found on the update center.
2023.09.23 14:11:05 INFO  web[AYrBMsuQReEfCpFQAAAP][o.s.u.c.UpdateCenter] The plugin 'javascript' version : 9.13.0.20537 has not been found on the update center.
2023.09.23 14:11:05 INFO  web[AYrBMsuQReEfCpFQAAAP][o.s.u.c.UpdateCenter] The plugin 'kotlin' version : 2.12.0.1956 has not been found on the update center.
2023.09.23 14:11:05 INFO  web[AYrBMsuQReEfCpFQAAAP][o.s.u.c.UpdateCenter] The plugin 'php' version : 3.27.1.9352 has not been found on the update center.
2023.09.23 14:11:05 INFO  web[AYrBMsuQReEfCpFQAAAP][o.s.u.c.UpdateCenter] The plugin 'python' version : 3.24.1.11916 has not been found on the update center.
2023.09.23 14:11:05 INFO  web[AYrBMsuQReEfCpFQAAAP][o.s.u.c.UpdateCenter] The plugin 'ruby' version : 1.11.0.3905 has not been found on the update center.
2023.09.23 14:11:05 INFO  web[AYrBMsuQReEfCpFQAAAP][o.s.u.c.UpdateCenter] The plugin 'sonarscala' version : 1.11.0.3905 has not been found on the update center.
2023.09.23 14:11:05 INFO  web[AYrBMsuQReEfCpFQAAAP][o.s.u.c.UpdateCenter] The plugin 'text' version : 2.0.2.1090 has not been found on the update center.
2023.09.23 14:11:05 INFO  web[AYrBMsuQReEfCpFQAAAP][o.s.u.c.UpdateCenter] The plugin 'vbnet' version : 8.51.0.59060 has not been found on the update center.
2023.09.23 14:11:05 INFO  web[AYrBMsuQReEfCpFQAAAP][o.s.u.c.UpdateCenter] The plugin 'web' version : 3.7.1.3306 has not been found on the update center.
2023.09.23 14:11:05 INFO  web[AYrBMsuQReEfCpFQAAAP][o.s.u.c.UpdateCenter] The plugin 'xml' version : 2.7.0.3820 has not been found on the update center.
2023.09.23 14:15:14 INFO  web[AYrBMsuQReEfCpFQAABq][o.s.u.c.UpdateCenter] The plugin 'config' version : 1.2.0.267 has not been found on the update center.
2023.09.23 14:15:14 INFO  web[AYrBMsuQReEfCpFQAABq][o.s.u.c.UpdateCenter] The plugin 'csharp' version : 8.51.0.59060 has not been found on the update center.
2023.09.23 14:15:14 INFO  web[AYrBMsuQReEfCpFQAABq][o.s.u.c.UpdateCenter] The plugin 'flex' version : 2.8.0.3166 has not been found on the update center.
2023.09.23 14:15:14 INFO  web[AYrBMsuQReEfCpFQAABq][o.s.u.c.UpdateCenter] The plugin 'go' version : 1.11.0.3905 has not been found on the update center.
2023.09.23 14:15:14 INFO  web[AYrBMsuQReEfCpFQAABq][o.s.u.c.UpdateCenter] The plugin 'iac' version : 1.11.0.2847 has not been found on the update center.
2023.09.23 14:15:14 INFO  web[AYrBMsuQReEfCpFQAABq][o.s.u.c.UpdateCenter] The plugin 'jacoco' version : 1.3.0.1538 has not been found on the update center.
2023.09.23 14:15:14 INFO  web[AYrBMsuQReEfCpFQAABq][o.s.u.c.UpdateCenter] The plugin 'java' version : 7.16.0.30901 has not been found on the update center.
2023.09.23 14:15:14 INFO  web[AYrBMsuQReEfCpFQAABq][o.s.u.c.UpdateCenter] The plugin 'javascript' version : 9.13.0.20537 has not been found on the update center.
2023.09.23 14:15:14 INFO  web[AYrBMsuQReEfCpFQAABq][o.s.u.c.UpdateCenter] The plugin 'kotlin' version : 2.12.0.1956 has not been found on the update center.
2023.09.23 14:15:14 INFO  web[AYrBMsuQReEfCpFQAABq][o.s.u.c.UpdateCenter] The plugin 'php' version : 3.27.1.9352 has not been found on the update center.
2023.09.23 14:15:14 INFO  web[AYrBMsuQReEfCpFQAABq][o.s.u.c.UpdateCenter] The plugin 'python' version : 3.24.1.11916 has not been found on the update center.
2023.09.23 14:15:14 INFO  web[AYrBMsuQReEfCpFQAABq][o.s.u.c.UpdateCenter] The plugin 'ruby' version : 1.11.0.3905 has not been found on the update center.
2023.09.23 14:15:14 INFO  web[AYrBMsuQReEfCpFQAABq][o.s.u.c.UpdateCenter] The plugin 'sonarscala' version : 1.11.0.3905 has not been found on the update center.
2023.09.23 14:15:14 INFO  web[AYrBMsuQReEfCpFQAABq][o.s.u.c.UpdateCenter] The plugin 'text' version : 2.0.2.1090 has not been found on the update center.
2023.09.23 14:15:14 INFO  web[AYrBMsuQReEfCpFQAABq][o.s.u.c.UpdateCenter] The plugin 'vbnet' version : 8.51.0.59060 has not been found on the update center.
2023.09.23 14:15:14 INFO  web[AYrBMsuQReEfCpFQAABq][o.s.u.c.UpdateCenter] The plugin 'web' version : 3.7.1.3306 has not been found on the update center.
2023.09.23 14:15:14 INFO  web[AYrBMsuQReEfCpFQAABq][o.s.u.c.UpdateCenter] The plugin 'xml' version : 2.7.0.3820 has not been found on the update center.
2023.09.23 14:15:14 INFO  web[AYrBMsuQReEfCpFQAABq][o.s.u.c.UpdateCenter] The plugin 'config' version : 1.2.0.267 has not been found on the update center.
2023.09.23 14:15:14 INFO  web[AYrBMsuQReEfCpFQAABq][o.s.u.c.UpdateCenter] The plugin 'csharp' version : 8.51.0.59060 has not been found on the update center.
2023.09.23 14:15:14 INFO  web[AYrBMsuQReEfCpFQAABq][o.s.u.c.UpdateCenter] The plugin 'flex' version : 2.8.0.3166 has not been found on the update center.
2023.09.23 14:15:14 INFO  web[AYrBMsuQReEfCpFQAABq][o.s.u.c.UpdateCenter] The plugin 'go' version : 1.11.0.3905 has not been found on the update center.
2023.09.23 14:15:14 INFO  web[AYrBMsuQReEfCpFQAABq][o.s.u.c.UpdateCenter] The plugin 'iac' version : 1.11.0.2847 has not been found on the update center.
2023.09.23 14:15:14 INFO  web[AYrBMsuQReEfCpFQAABq][o.s.u.c.UpdateCenter] The plugin 'jacoco' version : 1.3.0.1538 has not been found on the update center.
2023.09.23 14:15:14 INFO  web[AYrBMsuQReEfCpFQAABq][o.s.u.c.UpdateCenter] The plugin 'java' version : 7.16.0.30901 has not been found on the update center.
2023.09.23 14:15:14 INFO  web[AYrBMsuQReEfCpFQAABq][o.s.u.c.UpdateCenter] The plugin 'javascript' version : 9.13.0.20537 has not been found on the update center.
2023.09.23 14:15:14 INFO  web[AYrBMsuQReEfCpFQAABq][o.s.u.c.UpdateCenter] The plugin 'kotlin' version : 2.12.0.1956 has not been found on the update center.
2023.09.23 14:15:14 INFO  web[AYrBMsuQReEfCpFQAABq][o.s.u.c.UpdateCenter] The plugin 'php' version : 3.27.1.9352 has not been found on the update center.
2023.09.23 14:15:14 INFO  web[AYrBMsuQReEfCpFQAABq][o.s.u.c.UpdateCenter] The plugin 'python' version : 3.24.1.11916 has not been found on the update center.
2023.09.23 14:15:14 INFO  web[AYrBMsuQReEfCpFQAABq][o.s.u.c.UpdateCenter] The plugin 'ruby' version : 1.11.0.3905 has not been found on the update center.
2023.09.23 14:15:14 INFO  web[AYrBMsuQReEfCpFQAABq][o.s.u.c.UpdateCenter] The plugin 'sonarscala' version : 1.11.0.3905 has not been found on the update center.
2023.09.23 14:15:14 INFO  web[AYrBMsuQReEfCpFQAABq][o.s.u.c.UpdateCenter] The plugin 'text' version : 2.0.2.1090 has not been found on the update center.
2023.09.23 14:15:14 INFO  web[AYrBMsuQReEfCpFQAABq][o.s.u.c.UpdateCenter] The plugin 'vbnet' version : 8.51.0.59060 has not been found on the update center.
2023.09.23 14:15:14 INFO  web[AYrBMsuQReEfCpFQAABq][o.s.u.c.UpdateCenter] The plugin 'web' version : 3.7.1.3306 has not been found on the update center.
2023.09.23 14:15:14 INFO  web[AYrBMsuQReEfCpFQAABq][o.s.u.c.UpdateCenter] The plugin 'xml' version : 2.7.0.3820 has not been found on the update center.
2023.09.23 14:15:14 INFO  web[AYrBMsuQReEfCpFQAABq][o.s.u.c.UpdateCenter] The plugin 'config' version : 1.2.0.267 has not been found on the update center.
2023.09.23 14:15:14 INFO  web[AYrBMsuQReEfCpFQAABq][o.s.u.c.UpdateCenter] The plugin 'csharp' version : 8.51.0.59060 has not been found on the update center.
2023.09.23 14:15:14 INFO  web[AYrBMsuQReEfCpFQAABq][o.s.u.c.UpdateCenter] The plugin 'flex' version : 2.8.0.3166 has not been found on the update center.
2023.09.23 14:15:14 INFO  web[AYrBMsuQReEfCpFQAABq][o.s.u.c.UpdateCenter] The plugin 'go' version : 1.11.0.3905 has not been found on the update center.
2023.09.23 14:15:14 INFO  web[AYrBMsuQReEfCpFQAABq][o.s.u.c.UpdateCenter] The plugin 'iac' version : 1.11.0.2847 has not been found on the update center.
2023.09.23 14:15:14 INFO  web[AYrBMsuQReEfCpFQAABq][o.s.u.c.UpdateCenter] The plugin 'jacoco' version : 1.3.0.1538 has not been found on the update center.
2023.09.23 14:15:14 INFO  web[AYrBMsuQReEfCpFQAABq][o.s.u.c.UpdateCenter] The plugin 'java' version : 7.16.0.30901 has not been found on the update center.
2023.09.23 14:15:14 INFO  web[AYrBMsuQReEfCpFQAABq][o.s.u.c.UpdateCenter] The plugin 'javascript' version : 9.13.0.20537 has not been found on the update center.
2023.09.23 14:15:14 INFO  web[AYrBMsuQReEfCpFQAABq][o.s.u.c.UpdateCenter] The plugin 'kotlin' version : 2.12.0.1956 has not been found on the update center.
2023.09.23 14:15:14 INFO  web[AYrBMsuQReEfCpFQAABq][o.s.u.c.UpdateCenter] The plugin 'php' version : 3.27.1.9352 has not been found on the update center.
2023.09.23 14:15:14 INFO  web[AYrBMsuQReEfCpFQAABq][o.s.u.c.UpdateCenter] The plugin 'python' version : 3.24.1.11916 has not been found on the update center.
2023.09.23 14:15:14 INFO  web[AYrBMsuQReEfCpFQAABq][o.s.u.c.UpdateCenter] The plugin 'ruby' version : 1.11.0.3905 has not been found on the update center.
2023.09.23 14:15:14 INFO  web[AYrBMsuQReEfCpFQAABq][o.s.u.c.UpdateCenter] The plugin 'sonarscala' version : 1.11.0.3905 has not been found on the update center.
2023.09.23 14:15:14 INFO  web[AYrBMsuQReEfCpFQAABq][o.s.u.c.UpdateCenter] The plugin 'text' version : 2.0.2.1090 has not been found on the update center.
2023.09.23 14:15:14 INFO  web[AYrBMsuQReEfCpFQAABq][o.s.u.c.UpdateCenter] The plugin 'vbnet' version : 8.51.0.59060 has not been found on the update center.
2023.09.23 14:15:14 INFO  web[AYrBMsuQReEfCpFQAABq][o.s.u.c.UpdateCenter] The plugin 'web' version : 3.7.1.3306 has not been found on the update center.
2023.09.23 14:15:14 INFO  web[AYrBMsuQReEfCpFQAABq][o.s.u.c.UpdateCenter] The plugin 'xml' version : 2.7.0.3820 has not been found on the update center.
2023.09.23 14:15:14 INFO  web[AYrBMsuQReEfCpFQAABq][o.s.u.c.UpdateCenter] The plugin 'config' version : 1.2.0.267 has not been found on the update center.
2023.09.23 14:15:14 INFO  web[AYrBMsuQReEfCpFQAABq][o.s.u.c.UpdateCenter] The plugin 'csharp' version : 8.51.0.59060 has not been found on the update center.
2023.09.23 14:15:14 INFO  web[AYrBMsuQReEfCpFQAABq][o.s.u.c.UpdateCenter] The plugin 'flex' version : 2.8.0.3166 has not been found on the update center.
2023.09.23 14:15:14 INFO  web[AYrBMsuQReEfCpFQAABq][o.s.u.c.UpdateCenter] The plugin 'go' version : 1.11.0.3905 has not been found on the update center.
2023.09.23 14:15:14 INFO  web[AYrBMsuQReEfCpFQAABq][o.s.u.c.UpdateCenter] The plugin 'iac' version : 1.11.0.2847 has not been found on the update center.
2023.09.23 14:15:14 INFO  web[AYrBMsuQReEfCpFQAABq][o.s.u.c.UpdateCenter] The plugin 'jacoco' version : 1.3.0.1538 has not been found on the update center.
2023.09.23 14:15:14 INFO  web[AYrBMsuQReEfCpFQAABq][o.s.u.c.UpdateCenter] The plugin 'java' version : 7.16.0.30901 has not been found on the update center.
2023.09.23 14:15:14 INFO  web[AYrBMsuQReEfCpFQAABq][o.s.u.c.UpdateCenter] The plugin 'javascript' version : 9.13.0.20537 has not been found on the update center.
2023.09.23 14:15:14 INFO  web[AYrBMsuQReEfCpFQAABq][o.s.u.c.UpdateCenter] The plugin 'kotlin' version : 2.12.0.1956 has not been found on the update center.
2023.09.23 14:15:14 INFO  web[AYrBMsuQReEfCpFQAABq][o.s.u.c.UpdateCenter] The plugin 'php' version : 3.27.1.9352 has not been found on the update center.
2023.09.23 14:15:14 INFO  web[AYrBMsuQReEfCpFQAABq][o.s.u.c.UpdateCenter] The plugin 'python' version : 3.24.1.11916 has not been found on the update center.
2023.09.23 14:15:14 INFO  web[AYrBMsuQReEfCpFQAABq][o.s.u.c.UpdateCenter] The plugin 'ruby' version : 1.11.0.3905 has not been found on the update center.
2023.09.23 14:15:14 INFO  web[AYrBMsuQReEfCpFQAABq][o.s.u.c.UpdateCenter] The plugin 'sonarscala' version : 1.11.0.3905 has not been found on the update center.
2023.09.23 14:15:14 INFO  web[AYrBMsuQReEfCpFQAABq][o.s.u.c.UpdateCenter] The plugin 'text' version : 2.0.2.1090 has not been found on the update center.
2023.09.23 14:15:14 INFO  web[AYrBMsuQReEfCpFQAABq][o.s.u.c.UpdateCenter] The plugin 'vbnet' version : 8.51.0.59060 has not been found on the update center.
2023.09.23 14:15:14 INFO  web[AYrBMsuQReEfCpFQAABq][o.s.u.c.UpdateCenter] The plugin 'web' version : 3.7.1.3306 has not been found on the update center.
2023.09.23 14:15:14 INFO  web[AYrBMsuQReEfCpFQAABq][o.s.u.c.UpdateCenter] The plugin 'xml' version : 2.7.0.3820 has not been found on the update center.
2023.09.23 15:04:42 INFO  web[AYrBMsuQReEfCpFQAAH+][o.s.u.c.UpdateCenter] The plugin 'config' version : 1.2.0.267 has not been found on the update center.
2023.09.23 15:04:42 INFO  web[AYrBMsuQReEfCpFQAAH+][o.s.u.c.UpdateCenter] The plugin 'csharp' version : 8.51.0.59060 has not been found on the update center.
2023.09.23 15:04:42 INFO  web[AYrBMsuQReEfCpFQAAH+][o.s.u.c.UpdateCenter] The plugin 'flex' version : 2.8.0.3166 has not been found on the update center.
2023.09.23 15:04:42 INFO  web[AYrBMsuQReEfCpFQAAH+][o.s.u.c.UpdateCenter] The plugin 'go' version : 1.11.0.3905 has not been found on the update center.
2023.09.23 15:04:42 INFO  web[AYrBMsuQReEfCpFQAAH+][o.s.u.c.UpdateCenter] The plugin 'iac' version : 1.11.0.2847 has not been found on the update center.
2023.09.23 15:04:42 INFO  web[AYrBMsuQReEfCpFQAAH+][o.s.u.c.UpdateCenter] The plugin 'jacoco' version : 1.3.0.1538 has not been found on the update center.
2023.09.23 15:04:42 INFO  web[AYrBMsuQReEfCpFQAAH+][o.s.u.c.UpdateCenter] The plugin 'java' version : 7.16.0.30901 has not been found on the update center.
2023.09.23 15:04:42 INFO  web[AYrBMsuQReEfCpFQAAH+][o.s.u.c.UpdateCenter] The plugin 'javascript' version : 9.13.0.20537 has not been found on the update center.
2023.09.23 15:04:42 INFO  web[AYrBMsuQReEfCpFQAAH+][o.s.u.c.UpdateCenter] The plugin 'kotlin' version : 2.12.0.1956 has not been found on the update center.
2023.09.23 15:04:42 INFO  web[AYrBMsuQReEfCpFQAAH+][o.s.u.c.UpdateCenter] The plugin 'php' version : 3.27.1.9352 has not been found on the update center.
2023.09.23 15:04:42 INFO  web[AYrBMsuQReEfCpFQAAH+][o.s.u.c.UpdateCenter] The plugin 'python' version : 3.24.1.11916 has not been found on the update center.
2023.09.23 15:04:42 INFO  web[AYrBMsuQReEfCpFQAAH+][o.s.u.c.UpdateCenter] The plugin 'ruby' version : 1.11.0.3905 has not been found on the update center.
2023.09.23 15:04:42 INFO  web[AYrBMsuQReEfCpFQAAH+][o.s.u.c.UpdateCenter] The plugin 'sonarscala' version : 1.11.0.3905 has not been found on the update center.
2023.09.23 15:04:42 INFO  web[AYrBMsuQReEfCpFQAAH+][o.s.u.c.UpdateCenter] The plugin 'text' version : 2.0.2.1090 has not been found on the update center.
2023.09.23 15:04:42 INFO  web[AYrBMsuQReEfCpFQAAH+][o.s.u.c.UpdateCenter] The plugin 'vbnet' version : 8.51.0.59060 has not been found on the update center.
2023.09.23 15:04:42 INFO  web[AYrBMsuQReEfCpFQAAH+][o.s.u.c.UpdateCenter] The plugin 'web' version : 3.7.1.3306 has not been found on the update center.
2023.09.23 15:04:42 INFO  web[AYrBMsuQReEfCpFQAAH+][o.s.u.c.UpdateCenter] The plugin 'xml' version : 2.7.0.3820 has not been found on the update center.
2023.09.23 15:04:42 INFO  web[AYrBMsuQReEfCpFQAAH+][o.s.u.c.UpdateCenter] The plugin 'config' version : 1.2.0.267 has not been found on the update center.
2023.09.23 15:04:42 INFO  web[AYrBMsuQReEfCpFQAAH+][o.s.u.c.UpdateCenter] The plugin 'csharp' version : 8.51.0.59060 has not been found on the update center.
2023.09.23 15:04:42 INFO  web[AYrBMsuQReEfCpFQAAH+][o.s.u.c.UpdateCenter] The plugin 'flex' version : 2.8.0.3166 has not been found on the update center.
2023.09.23 15:04:42 INFO  web[AYrBMsuQReEfCpFQAAH+][o.s.u.c.UpdateCenter] The plugin 'go' version : 1.11.0.3905 has not been found on the update center.
2023.09.23 15:04:42 INFO  web[AYrBMsuQReEfCpFQAAH+][o.s.u.c.UpdateCenter] The plugin 'iac' version : 1.11.0.2847 has not been found on the update center.
2023.09.23 15:04:42 INFO  web[AYrBMsuQReEfCpFQAAH+][o.s.u.c.UpdateCenter] The plugin 'jacoco' version : 1.3.0.1538 has not been found on the update center.
2023.09.23 15:04:42 INFO  web[AYrBMsuQReEfCpFQAAH+][o.s.u.c.UpdateCenter] The plugin 'java' version : 7.16.0.30901 has not been found on the update center.
2023.09.23 15:04:42 INFO  web[AYrBMsuQReEfCpFQAAH+][o.s.u.c.UpdateCenter] The plugin 'javascript' version : 9.13.0.20537 has not been found on the update center.
2023.09.23 15:04:42 INFO  web[AYrBMsuQReEfCpFQAAH+][o.s.u.c.UpdateCenter] The plugin 'kotlin' version : 2.12.0.1956 has not been found on the update center.
2023.09.23 15:04:42 INFO  web[AYrBMsuQReEfCpFQAAH+][o.s.u.c.UpdateCenter] The plugin 'php' version : 3.27.1.9352 has not been found on the update center.
2023.09.23 15:04:42 INFO  web[AYrBMsuQReEfCpFQAAH+][o.s.u.c.UpdateCenter] The plugin 'python' version : 3.24.1.11916 has not been found on the update center.
2023.09.23 15:04:42 INFO  web[AYrBMsuQReEfCpFQAAH+][o.s.u.c.UpdateCenter] The plugin 'ruby' version : 1.11.0.3905 has not been found on the update center.
2023.09.23 15:04:42 INFO  web[AYrBMsuQReEfCpFQAAH+][o.s.u.c.UpdateCenter] The plugin 'sonarscala' version : 1.11.0.3905 has not been found on the update center.
2023.09.23 15:04:42 INFO  web[AYrBMsuQReEfCpFQAAH+][o.s.u.c.UpdateCenter] The plugin 'text' version : 2.0.2.1090 has not been found on the update center.
2023.09.23 15:04:42 INFO  web[AYrBMsuQReEfCpFQAAH+][o.s.u.c.UpdateCenter] The plugin 'vbnet' version : 8.51.0.59060 has not been found on the update center.
2023.09.23 15:04:42 INFO  web[AYrBMsuQReEfCpFQAAH+][o.s.u.c.UpdateCenter] The plugin 'web' version : 3.7.1.3306 has not been found on the update center.
2023.09.23 15:04:42 INFO  web[AYrBMsuQReEfCpFQAAH+][o.s.u.c.UpdateCenter] The plugin 'xml' version : 2.7.0.3820 has not been found on the update center.
2023.09.23 15:04:42 INFO  web[AYrBMsuQReEfCpFQAAH+][o.s.u.c.UpdateCenter] The plugin 'config' version : 1.2.0.267 has not been found on the update center.
2023.09.23 15:04:42 INFO  web[AYrBMsuQReEfCpFQAAH+][o.s.u.c.UpdateCenter] The plugin 'csharp' version : 8.51.0.59060 has not been found on the update center.
2023.09.23 15:04:42 INFO  web[AYrBMsuQReEfCpFQAAH+][o.s.u.c.UpdateCenter] The plugin 'flex' version : 2.8.0.3166 has not been found on the update center.
2023.09.23 15:04:42 INFO  web[AYrBMsuQReEfCpFQAAH+][o.s.u.c.UpdateCenter] The plugin 'go' version : 1.11.0.3905 has not been found on the update center.
2023.09.23 15:04:42 INFO  web[AYrBMsuQReEfCpFQAAH+][o.s.u.c.UpdateCenter] The plugin 'iac' version : 1.11.0.2847 has not been found on the update center.
2023.09.23 15:04:42 INFO  web[AYrBMsuQReEfCpFQAAH+][o.s.u.c.UpdateCenter] The plugin 'jacoco' version : 1.3.0.1538 has not been found on the update center.
2023.09.23 15:04:42 INFO  web[AYrBMsuQReEfCpFQAAH+][o.s.u.c.UpdateCenter] The plugin 'java' version : 7.16.0.30901 has not been found on the update center.
2023.09.23 15:04:42 INFO  web[AYrBMsuQReEfCpFQAAH+][o.s.u.c.UpdateCenter] The plugin 'javascript' version : 9.13.0.20537 has not been found on the update center.
2023.09.23 15:04:42 INFO  web[AYrBMsuQReEfCpFQAAH+][o.s.u.c.UpdateCenter] The plugin 'kotlin' version : 2.12.0.1956 has not been found on the update center.
2023.09.23 15:04:42 INFO  web[AYrBMsuQReEfCpFQAAH+][o.s.u.c.UpdateCenter] The plugin 'php' version : 3.27.1.9352 has not been found on the update center.
2023.09.23 15:04:42 INFO  web[AYrBMsuQReEfCpFQAAH+][o.s.u.c.UpdateCenter] The plugin 'python' version : 3.24.1.11916 has not been found on the update center.
2023.09.23 15:04:42 INFO  web[AYrBMsuQReEfCpFQAAH+][o.s.u.c.UpdateCenter] The plugin 'ruby' version : 1.11.0.3905 has not been found on the update center.
2023.09.23 15:04:42 INFO  web[AYrBMsuQReEfCpFQAAH+][o.s.u.c.UpdateCenter] The plugin 'sonarscala' version : 1.11.0.3905 has not been found on the update center.
2023.09.23 15:04:42 INFO  web[AYrBMsuQReEfCpFQAAH+][o.s.u.c.UpdateCenter] The plugin 'text' version : 2.0.2.1090 has not been found on the update center.
2023.09.23 15:04:42 INFO  web[AYrBMsuQReEfCpFQAAH+][o.s.u.c.UpdateCenter] The plugin 'vbnet' version : 8.51.0.59060 has not been found on the update center.
2023.09.23 15:04:42 INFO  web[AYrBMsuQReEfCpFQAAH+][o.s.u.c.UpdateCenter] The plugin 'web' version : 3.7.1.3306 has not been found on the update center.
2023.09.23 15:04:42 INFO  web[AYrBMsuQReEfCpFQAAH+][o.s.u.c.UpdateCenter] The plugin 'xml' version : 2.7.0.3820 has not been found on the update center.
2023.09.23 15:04:42 INFO  web[AYrBMsuQReEfCpFQAAH+][o.s.u.c.UpdateCenter] The plugin 'config' version : 1.2.0.267 has not been found on the update center.
2023.09.23 15:04:42 INFO  web[AYrBMsuQReEfCpFQAAH+][o.s.u.c.UpdateCenter] The plugin 'csharp' version : 8.51.0.59060 has not been found on the update center.
2023.09.23 15:04:42 INFO  web[AYrBMsuQReEfCpFQAAH+][o.s.u.c.UpdateCenter] The plugin 'flex' version : 2.8.0.3166 has not been found on the update center.
2023.09.23 15:04:42 INFO  web[AYrBMsuQReEfCpFQAAH+][o.s.u.c.UpdateCenter] The plugin 'go' version : 1.11.0.3905 has not been found on the update center.
2023.09.23 15:04:42 INFO  web[AYrBMsuQReEfCpFQAAH+][o.s.u.c.UpdateCenter] The plugin 'iac' version : 1.11.0.2847 has not been found on the update center.
2023.09.23 15:04:42 INFO  web[AYrBMsuQReEfCpFQAAH+][o.s.u.c.UpdateCenter] The plugin 'jacoco' version : 1.3.0.1538 has not been found on the update center.
2023.09.23 15:04:42 INFO  web[AYrBMsuQReEfCpFQAAH+][o.s.u.c.UpdateCenter] The plugin 'java' version : 7.16.0.30901 has not been found on the update center.
2023.09.23 15:04:42 INFO  web[AYrBMsuQReEfCpFQAAH+][o.s.u.c.UpdateCenter] The plugin 'javascript' version : 9.13.0.20537 has not been found on the update center.
2023.09.23 15:04:42 INFO  web[AYrBMsuQReEfCpFQAAH+][o.s.u.c.UpdateCenter] The plugin 'kotlin' version : 2.12.0.1956 has not been found on the update center.
2023.09.23 15:04:42 INFO  web[AYrBMsuQReEfCpFQAAH+][o.s.u.c.UpdateCenter] The plugin 'php' version : 3.27.1.9352 has not been found on the update center.
2023.09.23 15:04:42 INFO  web[AYrBMsuQReEfCpFQAAH+][o.s.u.c.UpdateCenter] The plugin 'python' version : 3.24.1.11916 has not been found on the update center.
2023.09.23 15:04:42 INFO  web[AYrBMsuQReEfCpFQAAH+][o.s.u.c.UpdateCenter] The plugin 'ruby' version : 1.11.0.3905 has not been found on the update center.
2023.09.23 15:04:42 INFO  web[AYrBMsuQReEfCpFQAAH+][o.s.u.c.UpdateCenter] The plugin 'sonarscala' version : 1.11.0.3905 has not been found on the update center.
2023.09.23 15:04:42 INFO  web[AYrBMsuQReEfCpFQAAH+][o.s.u.c.UpdateCenter] The plugin 'text' version : 2.0.2.1090 has not been found on the update center.
2023.09.23 15:04:42 INFO  web[AYrBMsuQReEfCpFQAAH+][o.s.u.c.UpdateCenter] The plugin 'vbnet' version : 8.51.0.59060 has not been found on the update center.
2023.09.23 15:04:42 INFO  web[AYrBMsuQReEfCpFQAAH+][o.s.u.c.UpdateCenter] The plugin 'web' version : 3.7.1.3306 has not been found on the update center.
2023.09.23 15:04:42 INFO  web[AYrBMsuQReEfCpFQAAH+][o.s.u.c.UpdateCenter] The plugin 'xml' version : 2.7.0.3820 has not been found on the update center.
2023.09.23 23:03:27 INFO  web[][o.s.p.ProcessEntryPoint] Starting Web Server
2023.09.23 23:03:28 INFO  web[][o.s.s.p.LogServerVersion] SonarQube Server / 9.9.2.77730 / dd63ff5d0db91f039afd5d40319122666c9961ef
2023.09.23 23:03:28 INFO  web[][o.s.s.p.d.EmbeddedDatabase] Starting embedded database on port 9092 with url jdbc:h2:tcp://127.0.0.1:9092/sonar;NON_KEYWORDS=VALUE
2023.09.23 23:03:28 INFO  web[][o.s.s.p.d.EmbeddedDatabase] Embedded database started. Data stored in: C:\Program Files\sonarqube\sonarqube-9.9.2.77730\data
2023.09.23 23:03:28 INFO  web[][o.sonar.db.Database] Create JDBC data source for jdbc:h2:tcp://127.0.0.1:9092/sonar;NON_KEYWORDS=VALUE
2023.09.23 23:03:28 INFO  web[][c.z.h.HikariDataSource] HikariPool-1 - Starting...
2023.09.23 23:03:29 INFO  web[][c.z.h.p.HikariPool] HikariPool-1 - Added connection conn2: url=jdbc:h2:tcp://127.0.0.1:9092/sonar user=
2023.09.23 23:03:29 INFO  web[][c.z.h.HikariDataSource] HikariPool-1 - Start completed.
2023.09.23 23:03:29 WARN  web[][o.s.db.dialect.H2] H2 database should be used for evaluation purpose only.
2023.09.23 23:03:30 INFO  web[][o.s.s.p.ServerFileSystemImpl] SonarQube home: C:\Program Files\sonarqube\sonarqube-9.9.2.77730
2023.09.23 23:03:30 INFO  web[][o.s.s.u.SystemPasscodeImpl] System authentication by passcode is disabled
2023.09.23 23:03:30 INFO  web[][o.s.s.p.ServerPluginManager] Deploy C# Code Quality and Security / 8.51.0.59060 / e14c642f118958f22fd08841dc42f9aae480366a
2023.09.23 23:03:30 INFO  web[][o.s.s.p.ServerPluginManager] Deploy Configuration detection fot Code Quality and Security / 1.2.0.267 / 4f37ba9ffb37a96d5883e52ad392ed32c5c6eaab
2023.09.23 23:03:30 INFO  web[][o.s.s.p.ServerPluginManager] Deploy Flex Code Quality and Security / 2.8.0.3166 / 01f66bdddc678966c81a9064ed139156a6a89c97
2023.09.23 23:03:30 INFO  web[][o.s.s.p.ServerPluginManager] Deploy Go Code Quality and Security / 1.11.0.3905 / e1f28bc000e04ca01881e84218d01d464a17a36f
2023.09.23 23:03:30 INFO  web[][o.s.s.p.ServerPluginManager] Deploy HTML Code Quality and Security / 3.7.1.3306 / d720acc6860c6d8b69ec4d17570a398a1e216da1
2023.09.23 23:03:30 INFO  web[][o.s.s.p.ServerPluginManager] Deploy IaC Code Quality and Security / 1.11.0.2847 / 6892bd3a7320b3c110717acfdb18c4c7451069fd
2023.09.23 23:03:30 INFO  web[][o.s.s.p.ServerPluginManager] Deploy JaCoCo / 1.3.0.1538 / 74a7798c7cea687c72ed9df40c93eb7ea2a58c49
2023.09.23 23:03:30 INFO  web[][o.s.s.p.ServerPluginManager] Deploy Java Code Quality and Security / 7.16.0.30901 / 4b1436558dfd5fc00c8d9aae8bb0364ba122c73e
2023.09.23 23:03:30 INFO  web[][o.s.s.p.ServerPluginManager] Deploy JavaScript/TypeScript/CSS Code Quality and Security / 9.13.0.20537 / 68ff7657415044b86033814795ed95fc1f1558f1
2023.09.23 23:03:30 INFO  web[][o.s.s.p.ServerPluginManager] Deploy Kotlin Code Quality and Security / 2.12.0.1956 / a6df1ae252bd62d63f8673c28f87ad14258a7904
2023.09.23 23:03:30 INFO  web[][o.s.s.p.ServerPluginManager] Deploy PHP Code Quality and Security / 3.27.1.9352 / 3ddc5a03e1a7e3729d41e7c1a30a37d5715958c7
2023.09.23 23:03:30 INFO  web[][o.s.s.p.ServerPluginManager] Deploy Python Code Quality and Security / 3.24.1.11916 / cc8f4fa745eb33d31c3869bdfdfd45514e67c1fe
2023.09.23 23:03:30 INFO  web[][o.s.s.p.ServerPluginManager] Deploy Ruby Code Quality and Security / 1.11.0.3905 / e1f28bc000e04ca01881e84218d01d464a17a36f
2023.09.23 23:03:30 INFO  web[][o.s.s.p.ServerPluginManager] Deploy Scala Code Quality and Security / 1.11.0.3905 / e1f28bc000e04ca01881e84218d01d464a17a36f
2023.09.23 23:03:30 INFO  web[][o.s.s.p.ServerPluginManager] Deploy Text Code Quality and Security / 2.0.2.1090 / 7eb026363b98f5f98b43c603772b5177869c2c6a
2023.09.23 23:03:30 INFO  web[][o.s.s.p.ServerPluginManager] Deploy VB.NET Code Quality and Security / 8.51.0.59060 / e14c642f118958f22fd08841dc42f9aae480366a
2023.09.23 23:03:30 INFO  web[][o.s.s.p.ServerPluginManager] Deploy XML Code Quality and Security / 2.7.0.3820 / 656bccc1910d50c8984536bd2dfd917066b858e6
2023.09.23 23:03:31 INFO  web[][o.s.s.e.EsClientProvider] Connected to local Elasticsearch: [http://127.0.0.1:9001]
2023.09.23 23:03:32 WARN  web[][o.s.a.s.w.WebService$Action] Description is not set on action api/monitoring/metrics
2023.09.23 23:03:32 WARN  web[][o.s.a.s.w.WebService$Action] Since is not set on action api/monitoring/metrics
2023.09.23 23:03:32 WARN  web[][o.s.a.s.w.WebService$Action] The response example is not set on action api/monitoring/metrics
2023.09.23 23:03:32 WARN  web[][o.s.a.s.w.WebService$Action] The response example is not set on action api/system/liveness
2023.09.23 23:03:32 INFO  web[][o.s.s.p.w.MasterServletFilter] Initializing servlet filter org.sonar.server.platform.web.WebServiceFilter@2674d4f6 [pattern=UrlPattern{inclusions=[/api/system/migrate_db.*, ...], exclusions=[/api/components/update_key, ...]}]
2023.09.23 23:03:32 INFO  web[][o.s.s.p.DetectPluginChange] Detect plugin changes
2023.09.23 23:03:32 INFO  web[][o.s.s.p.DetectPluginChange] No plugin change detected
2023.09.23 23:03:32 INFO  web[][o.s.s.a.EmbeddedTomcat] HTTP connector enabled on port 9000
2023.09.23 23:03:34 INFO  web[][o.s.s.s.LogServerId] Server ID: 147B411E-AYq8adpdWnd8NwcpNZu-
2023.09.23 23:03:34 WARN  web[][o.s.s.a.LogOAuthWarning] For security reasons, OAuth authentication should use HTTPS. You should set the property 'Administration > Configuration > Server base URL' to a HTTPS URL.
2023.09.23 23:03:34 INFO  web[][o.s.s.p.UpdateCenterClient] Update center: https://update.sonarsource.org/update-center.properties
2023.09.23 23:03:35 WARN  web[][o.s.a.s.w.WebService$Action] The response example is not set on action saml/validation_init
2023.09.23 23:03:35 WARN  web[][o.s.a.s.w.WebService$Action] The response example is not set on action api/system/liveness
2023.09.23 23:03:35 WARN  web[][o.s.a.s.w.WebService$Action] The response example is not set on action api/plugins/download
2023.09.23 23:03:35 WARN  web[][o.s.a.s.w.WebService$Action] The response example is not set on action api/analysis_cache/get
2023.09.23 23:03:35 WARN  web[][o.s.a.s.w.WebService$Action] The response example is not set on action api/alm_integrations/check_pat
2023.09.23 23:03:35 WARN  web[][o.s.a.s.w.WebService$Action] The response example is not set on action api/push/sonarlint_events
2023.09.23 23:03:35 INFO  web[][o.s.s.a.p.ExpiredSessionsCleaner] Purge of expired session tokens has removed 0 elements
2023.09.23 23:03:35 INFO  web[][o.s.s.a.p.ExpiredSessionsCleaner] Purge of expired SAML message ids has removed 0 elements
2023.09.23 23:03:35 INFO  web[][o.s.s.n.NotificationDaemon] Notification service started (delay 60 sec.)
2023.09.23 23:03:35 INFO  web[][o.s.s.t.TelemetryDaemon] Sharing of SonarQube statistics is enabled.
2023.09.23 23:03:35 INFO  web[][o.s.s.s.GeneratePluginIndex] Generate scanner plugin index
2023.09.23 23:03:35 INFO  web[][o.s.s.s.RegisterPermissionTemplates] Register permission templates
2023.09.23 23:03:35 INFO  web[][o.s.s.s.RenameDeprecatedPropertyKeys] Rename deprecated property keys
2023.09.23 23:03:35 INFO  web[][o.s.s.s.RegisterPlugins] Register plugins
2023.09.23 23:03:35 INFO  web[][o.s.s.p.w.MasterServletFilter] Initializing servlet filter org.sonar.server.platform.web.SonarLintConnectionFilter@56ef1bf8 [pattern=UrlPattern{inclusions=[/api/*], exclusions=[]}]
2023.09.23 23:03:35 INFO  web[][o.s.s.p.w.MasterServletFilter] Initializing servlet filter org.sonar.server.platform.web.WebServiceFilter@1c84acf1 [pattern=UrlPattern{inclusions=[/api/issues/delete_comment.*, ...], exclusions=[/api/authentication/login.*, ...]}]
2023.09.23 23:03:35 INFO  web[][o.s.s.p.w.MasterServletFilter] Initializing servlet filter org.sonar.server.platform.web.WebServiceReroutingFilter@5a1ad369 [pattern=UrlPattern{inclusions=[/api/components/bulk_update_key, ...], exclusions=[]}]
2023.09.23 23:03:35 INFO  web[][o.s.s.p.w.MasterServletFilter] Initializing servlet filter org.sonar.server.authentication.DefaultAdminCredentialsVerifierFilter@fd855b8 [pattern=UrlPattern{inclusions=[/*], exclusions=[*.css, ...]}]
2023.09.23 23:03:35 INFO  web[][o.s.s.p.w.MasterServletFilter] Initializing servlet filter org.sonar.server.authentication.InitFilter@2146af60 [pattern=UrlPattern{inclusions=[/sessions/init/*], exclusions=[]}]
2023.09.23 23:03:35 INFO  web[][o.s.s.p.w.MasterServletFilter] Initializing servlet filter org.sonar.server.authentication.SamlValidationRedirectionFilter@189c6c9d [pattern=UrlPattern{inclusions=[/oauth2/callback/saml], exclusions=[]}]
2023.09.23 23:03:35 INFO  web[][o.s.s.p.w.MasterServletFilter] Initializing servlet filter org.sonar.server.authentication.OAuth2CallbackFilter@1491757c [pattern=UrlPattern{inclusions=[/oauth2/callback/*], exclusions=[]}]
2023.09.23 23:03:35 INFO  web[][o.s.s.p.w.MasterServletFilter] Initializing servlet filter org.sonar.server.authentication.ResetPasswordFilter@59a987c3 [pattern=UrlPattern{inclusions=[/*], exclusions=[*.css, ...]}]
2023.09.23 23:03:35 INFO  web[][o.s.s.p.w.MasterServletFilter] Initializing servlet filter org.sonar.server.authentication.ws.LoginAction@2f343c2e [pattern=UrlPattern{inclusions=[/api/authentication/login], exclusions=[]}]
2023.09.23 23:03:35 INFO  web[][o.s.s.p.w.MasterServletFilter] Initializing servlet filter org.sonar.server.authentication.ws.LogoutAction@12036ade [pattern=UrlPattern{inclusions=[/api/authentication/logout], exclusions=[]}]
2023.09.23 23:03:35 INFO  web[][o.s.s.p.w.MasterServletFilter] Initializing servlet filter org.sonar.server.authentication.ws.ValidateAction@7cf32e55 [pattern=UrlPattern{inclusions=[/api/authentication/validate], exclusions=[]}]
2023.09.23 23:03:35 INFO  web[][o.s.s.p.w.MasterServletFilter] Initializing servlet filter org.sonar.server.saml.ws.ValidationInitAction@526fde0 [pattern=UrlPattern{inclusions=[/saml/validation_init], exclusions=[]}]
2023.09.23 23:03:35 INFO  web[][o.s.s.p.w.MasterServletFilter] Initializing servlet filter org.sonar.server.saml.ws.ValidationAction@789af122 [pattern=UrlPattern{inclusions=[/saml/validation], exclusions=[]}]
2023.09.23 23:03:35 INFO  web[][o.s.s.p.w.MasterServletFilter] Initializing servlet filter org.sonar.server.user.ws.ChangePasswordAction@4d800e39 [pattern=UrlPattern{inclusions=[/api/users/change_password], exclusions=[]}]
2023.09.23 23:03:35 INFO  web[][o.s.s.p.w.MasterServletFilter] Initializing servlet filter org.sonar.server.plugins.PluginsRiskConsentFilter@36836b90 [pattern=UrlPattern{inclusions=[/*], exclusions=[*.css, ...]}]
2023.09.23 23:03:35 INFO  web[][o.s.s.q.ProjectsInWarningDaemon] Counting number of projects in warning is not started as there are no projects in this situation.
2023.09.23 23:03:35 INFO  web[][o.s.s.p.p.PlatformLevelStartup] Running Community Edition
2023.09.23 23:03:36 INFO  web[][o.s.s.p.Platform] Web Server is operational
2023.09.23 23:05:12 INFO  web[AYrDGv/qzCeO3ww9AAAa][o.s.u.c.UpdateCenter] The plugin 'config' version : 1.2.0.267 has not been found on the update center.
2023.09.23 23:05:12 INFO  web[AYrDGv/qzCeO3ww9AAAa][o.s.u.c.UpdateCenter] The plugin 'csharp' version : 8.51.0.59060 has not been found on the update center.
2023.09.23 23:05:12 INFO  web[AYrDGv/qzCeO3ww9AAAa][o.s.u.c.UpdateCenter] The plugin 'flex' version : 2.8.0.3166 has not been found on the update center.
2023.09.23 23:05:12 INFO  web[AYrDGv/qzCeO3ww9AAAa][o.s.u.c.UpdateCenter] The plugin 'go' version : 1.11.0.3905 has not been found on the update center.
2023.09.23 23:05:12 INFO  web[AYrDGv/qzCeO3ww9AAAa][o.s.u.c.UpdateCenter] The plugin 'iac' version : 1.11.0.2847 has not been found on the update center.
2023.09.23 23:05:12 INFO  web[AYrDGv/qzCeO3ww9AAAa][o.s.u.c.UpdateCenter] The plugin 'jacoco' version : 1.3.0.1538 has not been found on the update center.
2023.09.23 23:05:12 INFO  web[AYrDGv/qzCeO3ww9AAAa][o.s.u.c.UpdateCenter] The plugin 'java' version : 7.16.0.30901 has not been found on the update center.
2023.09.23 23:05:12 INFO  web[AYrDGv/qzCeO3ww9AAAa][o.s.u.c.UpdateCenter] The plugin 'javascript' version : 9.13.0.20537 has not been found on the update center.
2023.09.23 23:05:12 INFO  web[AYrDGv/qzCeO3ww9AAAa][o.s.u.c.UpdateCenter] The plugin 'kotlin' version : 2.12.0.1956 has not been found on the update center.
2023.09.23 23:05:12 INFO  web[AYrDGv/qzCeO3ww9AAAa][o.s.u.c.UpdateCenter] The plugin 'php' version : 3.27.1.9352 has not been found on the update center.
2023.09.23 23:05:12 INFO  web[AYrDGv/qzCeO3ww9AAAa][o.s.u.c.UpdateCenter] The plugin 'python' version : 3.24.1.11916 has not been found on the update center.
2023.09.23 23:05:12 INFO  web[AYrDGv/qzCeO3ww9AAAa][o.s.u.c.UpdateCenter] The plugin 'ruby' version : 1.11.0.3905 has not been found on the update center.
2023.09.23 23:05:12 INFO  web[AYrDGv/qzCeO3ww9AAAa][o.s.u.c.UpdateCenter] The plugin 'sonarscala' version : 1.11.0.3905 has not been found on the update center.
2023.09.23 23:05:12 INFO  web[AYrDGv/qzCeO3ww9AAAa][o.s.u.c.UpdateCenter] The plugin 'text' version : 2.0.2.1090 has not been found on the update center.
2023.09.23 23:05:12 INFO  web[AYrDGv/qzCeO3ww9AAAa][o.s.u.c.UpdateCenter] The plugin 'vbnet' version : 8.51.0.59060 has not been found on the update center.
2023.09.23 23:05:12 INFO  web[AYrDGv/qzCeO3ww9AAAa][o.s.u.c.UpdateCenter] The plugin 'web' version : 3.7.1.3306 has not been found on the update center.
2023.09.23 23:05:12 INFO  web[AYrDGv/qzCeO3ww9AAAa][o.s.u.c.UpdateCenter] The plugin 'xml' version : 2.7.0.3820 has not been found on the update center.
2023.09.23 23:05:12 INFO  web[AYrDGv/qzCeO3ww9AAAa][o.s.u.c.UpdateCenter] The plugin 'config' version : 1.2.0.267 has not been found on the update center.
2023.09.23 23:05:12 INFO  web[AYrDGv/qzCeO3ww9AAAa][o.s.u.c.UpdateCenter] The plugin 'csharp' version : 8.51.0.59060 has not been found on the update center.
2023.09.23 23:05:12 INFO  web[AYrDGv/qzCeO3ww9AAAa][o.s.u.c.UpdateCenter] The plugin 'flex' version : 2.8.0.3166 has not been found on the update center.
2023.09.23 23:05:12 INFO  web[AYrDGv/qzCeO3ww9AAAa][o.s.u.c.UpdateCenter] The plugin 'go' version : 1.11.0.3905 has not been found on the update center.
2023.09.23 23:05:12 INFO  web[AYrDGv/qzCeO3ww9AAAa][o.s.u.c.UpdateCenter] The plugin 'iac' version : 1.11.0.2847 has not been found on the update center.
2023.09.23 23:05:12 INFO  web[AYrDGv/qzCeO3ww9AAAa][o.s.u.c.UpdateCenter] The plugin 'jacoco' version : 1.3.0.1538 has not been found on the update center.
2023.09.23 23:05:12 INFO  web[AYrDGv/qzCeO3ww9AAAa][o.s.u.c.UpdateCenter] The plugin 'java' version : 7.16.0.30901 has not been found on the update center.
2023.09.23 23:05:12 INFO  web[AYrDGv/qzCeO3ww9AAAa][o.s.u.c.UpdateCenter] The plugin 'javascript' version : 9.13.0.20537 has not been found on the update center.
2023.09.23 23:05:12 INFO  web[AYrDGv/qzCeO3ww9AAAa][o.s.u.c.UpdateCenter] The plugin 'kotlin' version : 2.12.0.1956 has not been found on the update center.
2023.09.23 23:05:12 INFO  web[AYrDGv/qzCeO3ww9AAAa][o.s.u.c.UpdateCenter] The plugin 'php' version : 3.27.1.9352 has not been found on the update center.
2023.09.23 23:05:12 INFO  web[AYrDGv/qzCeO3ww9AAAa][o.s.u.c.UpdateCenter] The plugin 'python' version : 3.24.1.11916 has not been found on the update center.
2023.09.23 23:05:12 INFO  web[AYrDGv/qzCeO3ww9AAAa][o.s.u.c.UpdateCenter] The plugin 'ruby' version : 1.11.0.3905 has not been found on the update center.
2023.09.23 23:05:12 INFO  web[AYrDGv/qzCeO3ww9AAAa][o.s.u.c.UpdateCenter] The plugin 'sonarscala' version : 1.11.0.3905 has not been found on the update center.
2023.09.23 23:05:12 INFO  web[AYrDGv/qzCeO3ww9AAAa][o.s.u.c.UpdateCenter] The plugin 'text' version : 2.0.2.1090 has not been found on the update center.
2023.09.23 23:05:12 INFO  web[AYrDGv/qzCeO3ww9AAAa][o.s.u.c.UpdateCenter] The plugin 'vbnet' version : 8.51.0.59060 has not been found on the update center.
2023.09.23 23:05:12 INFO  web[AYrDGv/qzCeO3ww9AAAa][o.s.u.c.UpdateCenter] The plugin 'web' version : 3.7.1.3306 has not been found on the update center.
2023.09.23 23:05:12 INFO  web[AYrDGv/qzCeO3ww9AAAa][o.s.u.c.UpdateCenter] The plugin 'xml' version : 2.7.0.3820 has not been found on the update center.
2023.09.23 23:05:12 INFO  web[AYrDGv/qzCeO3ww9AAAa][o.s.u.c.UpdateCenter] The plugin 'config' version : 1.2.0.267 has not been found on the update center.
2023.09.23 23:05:12 INFO  web[AYrDGv/qzCeO3ww9AAAa][o.s.u.c.UpdateCenter] The plugin 'csharp' version : 8.51.0.59060 has not been found on the update center.
2023.09.23 23:05:12 INFO  web[AYrDGv/qzCeO3ww9AAAa][o.s.u.c.UpdateCenter] The plugin 'flex' version : 2.8.0.3166 has not been found on the update center.
2023.09.23 23:05:12 INFO  web[AYrDGv/qzCeO3ww9AAAa][o.s.u.c.UpdateCenter] The plugin 'go' version : 1.11.0.3905 has not been found on the update center.
2023.09.23 23:05:12 INFO  web[AYrDGv/qzCeO3ww9AAAa][o.s.u.c.UpdateCenter] The plugin 'iac' version : 1.11.0.2847 has not been found on the update center.
2023.09.23 23:05:12 INFO  web[AYrDGv/qzCeO3ww9AAAa][o.s.u.c.UpdateCenter] The plugin 'jacoco' version : 1.3.0.1538 has not been found on the update center.
2023.09.23 23:05:12 INFO  web[AYrDGv/qzCeO3ww9AAAa][o.s.u.c.UpdateCenter] The plugin 'java' version : 7.16.0.30901 has not been found on the update center.
2023.09.23 23:05:12 INFO  web[AYrDGv/qzCeO3ww9AAAa][o.s.u.c.UpdateCenter] The plugin 'javascript' version : 9.13.0.20537 has not been found on the update center.
2023.09.23 23:05:12 INFO  web[AYrDGv/qzCeO3ww9AAAa][o.s.u.c.UpdateCenter] The plugin 'kotlin' version : 2.12.0.1956 has not been found on the update center.
2023.09.23 23:05:12 INFO  web[AYrDGv/qzCeO3ww9AAAa][o.s.u.c.UpdateCenter] The plugin 'php' version : 3.27.1.9352 has not been found on the update center.
2023.09.23 23:05:12 INFO  web[AYrDGv/qzCeO3ww9AAAa][o.s.u.c.UpdateCenter] The plugin 'python' version : 3.24.1.11916 has not been found on the update center.
2023.09.23 23:05:12 INFO  web[AYrDGv/qzCeO3ww9AAAa][o.s.u.c.UpdateCenter] The plugin 'ruby' version : 1.11.0.3905 has not been found on the update center.
2023.09.23 23:05:12 INFO  web[AYrDGv/qzCeO3ww9AAAa][o.s.u.c.UpdateCenter] The plugin 'sonarscala' version : 1.11.0.3905 has not been found on the update center.
2023.09.23 23:05:12 INFO  web[AYrDGv/qzCeO3ww9AAAa][o.s.u.c.UpdateCenter] The plugin 'text' version : 2.0.2.1090 has not been found on the update center.
2023.09.23 23:05:12 INFO  web[AYrDGv/qzCeO3ww9AAAa][o.s.u.c.UpdateCenter] The plugin 'vbnet' version : 8.51.0.59060 has not been found on the update center.
2023.09.23 23:05:12 INFO  web[AYrDGv/qzCeO3ww9AAAa][o.s.u.c.UpdateCenter] The plugin 'web' version : 3.7.1.3306 has not been found on the update center.
2023.09.23 23:05:12 INFO  web[AYrDGv/qzCeO3ww9AAAa][o.s.u.c.UpdateCenter] The plugin 'xml' version : 2.7.0.3820 has not been found on the update center.
2023.09.23 23:05:12 INFO  web[AYrDGv/qzCeO3ww9AAAa][o.s.u.c.UpdateCenter] The plugin 'config' version : 1.2.0.267 has not been found on the update center.
2023.09.23 23:05:12 INFO  web[AYrDGv/qzCeO3ww9AAAa][o.s.u.c.UpdateCenter] The plugin 'csharp' version : 8.51.0.59060 has not been found on the update center.
2023.09.23 23:05:12 INFO  web[AYrDGv/qzCeO3ww9AAAa][o.s.u.c.UpdateCenter] The plugin 'flex' version : 2.8.0.3166 has not been found on the update center.
2023.09.23 23:05:12 INFO  web[AYrDGv/qzCeO3ww9AAAa][o.s.u.c.UpdateCenter] The plugin 'go' version : 1.11.0.3905 has not been found on the update center.
2023.09.23 23:05:12 INFO  web[AYrDGv/qzCeO3ww9AAAa][o.s.u.c.UpdateCenter] The plugin 'iac' version : 1.11.0.2847 has not been found on the update center.
2023.09.23 23:05:12 INFO  web[AYrDGv/qzCeO3ww9AAAa][o.s.u.c.UpdateCenter] The plugin 'jacoco' version : 1.3.0.1538 has not been found on the update center.
2023.09.23 23:05:12 INFO  web[AYrDGv/qzCeO3ww9AAAa][o.s.u.c.UpdateCenter] The plugin 'java' version : 7.16.0.30901 has not been found on the update center.
2023.09.23 23:05:12 INFO  web[AYrDGv/qzCeO3ww9AAAa][o.s.u.c.UpdateCenter] The plugin 'javascript' version : 9.13.0.20537 has not been found on the update center.
2023.09.23 23:05:12 INFO  web[AYrDGv/qzCeO3ww9AAAa][o.s.u.c.UpdateCenter] The plugin 'kotlin' version : 2.12.0.1956 has not been found on the update center.
2023.09.23 23:05:12 INFO  web[AYrDGv/qzCeO3ww9AAAa][o.s.u.c.UpdateCenter] The plugin 'php' version : 3.27.1.9352 has not been found on the update center.
2023.09.23 23:05:12 INFO  web[AYrDGv/qzCeO3ww9AAAa][o.s.u.c.UpdateCenter] The plugin 'python' version : 3.24.1.11916 has not been found on the update center.
2023.09.23 23:05:12 INFO  web[AYrDGv/qzCeO3ww9AAAa][o.s.u.c.UpdateCenter] The plugin 'ruby' version : 1.11.0.3905 has not been found on the update center.
2023.09.23 23:05:12 INFO  web[AYrDGv/qzCeO3ww9AAAa][o.s.u.c.UpdateCenter] The plugin 'sonarscala' version : 1.11.0.3905 has not been found on the update center.
2023.09.23 23:05:12 INFO  web[AYrDGv/qzCeO3ww9AAAa][o.s.u.c.UpdateCenter] The plugin 'text' version : 2.0.2.1090 has not been found on the update center.
2023.09.23 23:05:12 INFO  web[AYrDGv/qzCeO3ww9AAAa][o.s.u.c.UpdateCenter] The plugin 'vbnet' version : 8.51.0.59060 has not been found on the update center.
2023.09.23 23:05:12 INFO  web[AYrDGv/qzCeO3ww9AAAa][o.s.u.c.UpdateCenter] The plugin 'web' version : 3.7.1.3306 has not been found on the update center.
2023.09.23 23:05:12 INFO  web[AYrDGv/qzCeO3ww9AAAa][o.s.u.c.UpdateCenter] The plugin 'xml' version : 2.7.0.3820 has not been found on the update center.
2023.09.23 23:20:40 WARN  web[][c.z.h.p.HikariPool] HikariPool-1 - Thread starvation or clock leap detected (housekeeper delta=7m41s405ms268s800ns).
